#
# There is insufficient memory for the Java Runtime Environment to continue.
# Native memory allocation (malloc) failed to allocate 527056 bytes for Chunk::new
# Possible reasons:
#   The system is out of physical RAM or swap space
#   The process is running with CompressedOops enabled, and the Java Heap may be blocking the growth of the native heap
# Possible solutions:
#   Reduce memory load on the system
#   Increase physical memory or swap space
#   Check if swap backing store is full
#   Decrease Java heap size (-Xmx/-Xms)
#   Decrease number of Java threads
#   Decrease Java thread stack sizes (-Xss)
#   Set larger code cache with -XX:ReservedCodeCacheSize=
#   JVM is running with Unscaled Compressed Oops mode in which the Java heap is
#     placed in the first 4GB address space. The Java Heap base address is the
#     maximum limit for the native heap growth. Please use -XX:HeapBaseMinAddress
#     to set the Java Heap base and to place the Java Heap above 4GB virtual address.
# This output file may be truncated or incomplete.
#
#  Out of Memory Error (./src/hotspot/share/memory/arena.cpp:197), pid=31556, tid=35672
#
# JRE version: OpenJDK Runtime Environment Temurin-11.0.14.1+1 (11.0.14.1+1) (build 11.0.14.1+1)
# Java VM: OpenJDK 64-Bit Server VM Temurin-11.0.14.1+1 (11.0.14.1+1, mixed mode, tiered, compressed oops, g1 gc, windows-amd64)
# No core dump will be written. Minidumps are not enabled by default on client versions of Windows
#

---------------  S U M M A R Y ------------

Command Line: --add-opens=java.base/java.util=ALL-UNNAMED --add-opens=java.base/java.lang=ALL-UNNAMED --add-opens=java.base/java.lang.invoke=ALL-UNNAMED --add-opens=java.base/java.util=ALL-UNNAMED --add-opens=java.prefs/java.util.prefs=ALL-UNNAMED --add-opens=java.prefs/java.util.prefs=ALL-UNNAMED --add-opens=java.base/java.nio.charset=ALL-UNNAMED --add-opens=java.base/java.net=ALL-UNNAMED --add-opens=java.base/java.util.concurrent.atomic=ALL-UNNAMED -XX:MaxMetaspaceSize=256m -XX:+HeapDumpOnOutOfMemoryError -Xms256m -Xmx512m -Dfile.encoding=windows-1251 -Duser.country=RU -Duser.language=ru -Duser.variant org.gradle.launcher.daemon.bootstrap.GradleDaemon 7.4

Host: AMD Ryzen 5 3500U with Radeon Vega Mobile Gfx  , 8 cores, 5G,  Windows 10 , 64 bit Build 19041 (10.0.19041.1889)
Time: Sat Nov 19 14:17:28 2022 RTZ 4 (зима) elapsed time: 74.886803 seconds (0d 0h 1m 14s)

---------------  T H R E A D  ---------------

Current thread (0x0000020177bae800):  JavaThread "C2 CompilerThread0" daemon [_thread_in_native, id=35672, stack(0x0000000bf7c00000,0x0000000bf7d00000)]


Current CompileTask:
C2:  74887 6746       4       java.util.TreeMap::put (247 bytes)

Stack: [0x0000000bf7c00000,0x0000000bf7d00000]
Native frames: (J=compiled Java code, j=interpreted, Vv=VM code, C=native code)
V  [jvm.dll+0x61e59a]
V  [jvm.dll+0x7aaca9]
V  [jvm.dll+0x7ac398]
V  [jvm.dll+0x7aca73]
V  [jvm.dll+0x24f9b8]
V  [jvm.dll+0xc260c]
V  [jvm.dll+0xc2bcc]
V  [jvm.dll+0x2c1884]
V  [jvm.dll+0x52d899]
V  [jvm.dll+0x210fcd]
V  [jvm.dll+0x20ac34]
V  [jvm.dll+0x207ccb]
V  [jvm.dll+0x18a2c1]
V  [jvm.dll+0x217734]
V  [jvm.dll+0x21597b]
V  [jvm.dll+0x76d7c0]
V  [jvm.dll+0x766724]
V  [jvm.dll+0x61d3f6]
C  [ucrtbase.dll+0x21bb2]
C  [KERNEL32.DLL+0x17034]
C  [ntdll.dll+0x526a1]


---------------  P R O C E S S  ---------------

Threads class SMR info:
_java_thread_list=0x00000201789bb4f0, length=142, elements={
0x000002016a3bc000, 0x0000020177b50800, 0x0000020177b52000, 0x0000020177ba9000,
0x0000020177baa000, 0x0000020177bad800, 0x0000020177bae800, 0x0000020177bb1800,
0x0000020177bb2800, 0x0000020177d21800, 0x0000020178b8e000, 0x0000020179455800,
0x0000020179d3d800, 0x0000020178ff5800, 0x00000201793cb800, 0x0000020179420800,
0x0000020179c72800, 0x0000020179c73000, 0x00000201786f3800, 0x0000020179690800,
0x0000020179d80800, 0x0000020179d80000, 0x0000020179d81800, 0x0000020179d82000,
0x0000020179d7f000, 0x0000020179d83000, 0x0000020179d84000, 0x0000020179d84800,
0x0000020179d85800, 0x000002017c0a5800, 0x000002017c0a7800, 0x000002017c0a5000,
0x000002017c0a8000, 0x000002017c0a3000, 0x000002017c0a9800, 0x000002017c0a4000,
0x000002017c0a9000, 0x000002017c0b0800, 0x000002017c0ad000, 0x000002017c0af800,
0x000002017c0ae000, 0x000002017c0aa800, 0x000002017c0b1000, 0x000002017c0ab800,
0x000002017c0ac000, 0x000002017c0ae800, 0x000002017c0b2000, 0x000002017df3f800,
0x000002017df44800, 0x000002017df42000, 0x000002017df46000, 0x000002017df40000,
0x000002017df41000, 0x000002017df42800, 0x000002017df47000, 0x000002017df49000,
0x000002017df48800, 0x000002017df45000, 0x000002017df47800, 0x000002017df43800,
0x000002017df4b000, 0x000002017df4a000, 0x000002017df4b800, 0x000002017df4c800,
0x000002017df4d800, 0x000002017df4e000, 0x000002017e11c800, 0x000002017e11d000,
0x000002017e120800, 0x000002017e122000, 0x000002017e121000, 0x000002017e123000,
0x000002017e123800, 0x000002017e11e000, 0x000002017e124800, 0x000002017e11e800,
0x000002017e11f800, 0x000002017e127000, 0x000002017e125000, 0x000002017e126000,
0x000002017e127800, 0x000002017e128800, 0x000002017e129800, 0x000002017e12a000,
0x000002017e12b000, 0x000002017dc0c800, 0x000002017dc10800, 0x000002017dc0d000,
0x000002017dc11000, 0x000002017dc0e000, 0x000002017dc13800, 0x000002017dc12000,
0x000002017dc13000, 0x000002017dc14800, 0x000002017dc0f800, 0x000002017dc0e800,
0x000002017dc15800, 0x000002017dc19800, 0x000002017dc18800, 0x000002017dc1a000,
0x000002017dc1b000, 0x000002017dc16000, 0x000002017dc17000, 0x000002017dc17800,
0x000002017c759800, 0x000002017c759000, 0x000002017c75d800, 0x000002017c75d000,
0x000002017c760000, 0x000002017c75a800, 0x000002017c75e800, 0x000002017c761000,
0x000002017c75f800, 0x000002017c75c000, 0x000002017c75b000, 0x000002017c767800,
0x000002017c764000, 0x000002017c762000, 0x000002017c766000, 0x000002017c763800,
0x000002017c765000, 0x000002017c766800, 0x000002017c762800, 0x000002017c6e7800,
0x000002017c6ea800, 0x000002017c6e8000, 0x000002017c6eb800, 0x000002017c6e9000,
0x000002017c6ed000, 0x000002017c6ef800, 0x000002017c6ec800, 0x000002017c6ee000,
0x000002017c6ea000, 0x000002017c6f0800, 0x000002017c6ef000, 0x000002017c6f2000,
0x000002017c6f1000, 0x000002017c6f4800, 0x000002017c6f5800, 0x000002017c6f3000,
0x000002017c6f3800, 0x000002017c6f6000
}

Java Threads: ( => current thread )
  0x000002016a3bc000 JavaThread "main" [_thread_blocked, id=35412, stack(0x0000000bf7000000,0x0000000bf7100000)]
  0x0000020177b50800 JavaThread "Reference Handler" daemon [_thread_blocked, id=37008, stack(0x0000000bf7700000,0x0000000bf7800000)]
  0x0000020177b52000 JavaThread "Finalizer" daemon [_thread_blocked, id=7220, stack(0x0000000bf7800000,0x0000000bf7900000)]
  0x0000020177ba9000 JavaThread "Signal Dispatcher" daemon [_thread_blocked, id=15700, stack(0x0000000bf7900000,0x0000000bf7a00000)]
  0x0000020177baa000 JavaThread "Attach Listener" daemon [_thread_blocked, id=20812, stack(0x0000000bf7a00000,0x0000000bf7b00000)]
  0x0000020177bad800 JavaThread "Service Thread" daemon [_thread_blocked, id=12060, stack(0x0000000bf7b00000,0x0000000bf7c00000)]
=>0x0000020177bae800 JavaThread "C2 CompilerThread0" daemon [_thread_in_native, id=35672, stack(0x0000000bf7c00000,0x0000000bf7d00000)]
  0x0000020177bb1800 JavaThread "C1 CompilerThread0" daemon [_thread_blocked, id=38028, stack(0x0000000bf7d00000,0x0000000bf7e00000)]
  0x0000020177bb2800 JavaThread "Sweeper thread" daemon [_thread_blocked, id=37748, stack(0x0000000bf7e00000,0x0000000bf7f00000)]
  0x0000020177d21800 JavaThread "Common-Cleaner" daemon [_thread_blocked, id=37452, stack(0x0000000bf7f00000,0x0000000bf8000000)]
  0x0000020178b8e000 JavaThread "Daemon health stats" [_thread_blocked, id=36756, stack(0x0000000bf8600000,0x0000000bf8700000)]
  0x0000020179455800 JavaThread "Incoming local TCP Connector on port 64971" [_thread_in_native, id=21100, stack(0x0000000bf8700000,0x0000000bf8800000)]
  0x0000020179d3d800 JavaThread "Daemon periodic checks" [_thread_blocked, id=24460, stack(0x0000000bf8800000,0x0000000bf8900000)]
  0x0000020178ff5800 JavaThread "Daemon" [_thread_blocked, id=30772, stack(0x0000000bf8900000,0x0000000bf8a00000)]
  0x00000201793cb800 JavaThread "Handler for socket connection from /127.0.0.1:64971 to /127.0.0.1:64973" [_thread_in_native, id=30120, stack(0x0000000bf8a00000,0x0000000bf8b00000)]
  0x0000020179420800 JavaThread "Cancel handler" [_thread_blocked, id=36764, stack(0x0000000bf8b00000,0x0000000bf8c00000)]
  0x0000020179c72800 JavaThread "Daemon worker" [_thread_blocked, id=21196, stack(0x0000000bf8c00000,0x0000000bf8d00000)]
  0x0000020179c73000 JavaThread "Asynchronous log dispatcher for DefaultDaemonConnection: socket connection from /127.0.0.1:64971 to /127.0.0.1:64973" [_thread_blocked, id=38184, stack(0x0000000bf8d00000,0x0000000bf8e00000)]
  0x00000201786f3800 JavaThread "Stdin handler" [_thread_blocked, id=37136, stack(0x0000000bf8e00000,0x0000000bf8f00000)]
  0x0000020179690800 JavaThread "Daemon client event forwarder" [_thread_blocked, id=38152, stack(0x0000000bf8f00000,0x0000000bf9000000)]
  0x0000020179d80800 JavaThread "Cache worker for journal cache (C:\Users\User\.gradle\caches\journal-1)" [_thread_blocked, id=17792, stack(0x0000000bf9000000,0x0000000bf9100000)]
  0x0000020179d80000 JavaThread "File lock request listener" [_thread_in_native, id=4992, stack(0x0000000bf9100000,0x0000000bf9200000)]
  0x0000020179d81800 JavaThread "Cache worker for file hash cache (C:\Users\User\.gradle\caches\7.4\fileHashes)" [_thread_blocked, id=37388, stack(0x0000000bf9200000,0x0000000bf9300000)]
  0x0000020179d82000 JavaThread "File watcher server" daemon [_thread_in_native, id=27084, stack(0x0000000bf9600000,0x0000000bf9700000)]
  0x0000020179d7f000 JavaThread "File watcher consumer" daemon [_thread_blocked, id=20592, stack(0x0000000bf9700000,0x0000000bf9800000)]
  0x0000020179d83000 JavaThread "Cache worker for checksums cache (C:\Users\User\IdeaProjects\QA-Diplom\.gradle\7.4\checksums)" [_thread_blocked, id=28840, stack(0x0000000bf9800000,0x0000000bf9900000)]
  0x0000020179d84000 JavaThread "Cache worker for cache directory md-rule (C:\Users\User\.gradle\caches\7.4\md-rule)" [_thread_blocked, id=36584, stack(0x0000000bf9900000,0x0000000bf9a00000)]
  0x0000020179d84800 JavaThread "Cache worker for file hash cache (C:\Users\User\IdeaProjects\QA-Diplom\.gradle\7.4\fileHashes)" [_thread_blocked, id=19692, stack(0x0000000bf9a00000,0x0000000bf9b00000)]
  0x0000020179d85800 JavaThread "Cache worker for cache directory md-supplier (C:\Users\User\.gradle\caches\7.4\md-supplier)" [_thread_blocked, id=36804, stack(0x0000000bf9b00000,0x0000000bf9c00000)]
  0x000002017c0a5800 JavaThread "Cache worker for execution history cache (C:\Users\User\.gradle\caches\7.4\executionHistory)" [_thread_blocked, id=16932, stack(0x0000000bf9c00000,0x0000000bf9d00000)]
  0x000002017c0a7800 JavaThread "jar transforms" [_thread_blocked, id=38432, stack(0x0000000bf9d00000,0x0000000bf9e00000)]
  0x000002017c0a5000 JavaThread "jar transforms Thread 2" [_thread_blocked, id=29052, stack(0x0000000bf9e00000,0x0000000bf9f00000)]
  0x000002017c0a8000 JavaThread "Cache worker for file content cache (C:\Users\User\.gradle\caches\7.4\fileContent)" [_thread_blocked, id=35284, stack(0x0000000bf9f00000,0x0000000bfa000000)]
  0x000002017c0a3000 JavaThread "jar transforms Thread 3" [_thread_blocked, id=21564, stack(0x0000000bfa000000,0x0000000bfa100000)]
  0x000002017c0a9800 JavaThread "jar transforms Thread 4" [_thread_blocked, id=30192, stack(0x0000000bfa100000,0x0000000bfa200000)]
  0x000002017c0a4000 JavaThread "jar transforms Thread 5" [_thread_blocked, id=24256, stack(0x0000000bfa200000,0x0000000bfa300000)]
  0x000002017c0a9000 JavaThread "jar transforms Thread 6" [_thread_blocked, id=29084, stack(0x0000000bfa300000,0x0000000bfa400000)]
  0x000002017c0b0800 JavaThread "jar transforms Thread 7" [_thread_blocked, id=19148, stack(0x0000000bfa400000,0x0000000bfa500000)]
  0x000002017c0ad000 JavaThread "jar transforms Thread 8" [_thread_blocked, id=32540, stack(0x0000000bfa500000,0x0000000bfa600000)]
  0x000002017c0af800 JavaThread "Cache worker for dependencies-accessors (C:\Users\User\IdeaProjects\QA-Diplom\.gradle\7.4\dependencies-accessors)" [_thread_blocked, id=36076, stack(0x0000000bfa600000,0x0000000bfa700000)]
  0x000002017c0ae000 JavaThread "Cache worker for Build Output Cleanup Cache (C:\Users\User\IdeaProjects\QA-Diplom\.gradle\buildOutputCleanup)" [_thread_blocked, id=36568, stack(0x0000000bfa700000,0x0000000bfa800000)]
  0x000002017c0aa800 JavaThread "Unconstrained build operations" [_thread_blocked, id=22204, stack(0x0000000bfa800000,0x0000000bfa900000)]
  0x000002017c0b1000 JavaThread "Unconstrained build operations Thread 2" [_thread_blocked, id=31936, stack(0x0000000bfa900000,0x0000000bfaa00000)]
  0x000002017c0ab800 JavaThread "Unconstrained build operations Thread 3" [_thread_blocked, id=33464, stack(0x0000000bfaa00000,0x0000000bfab00000)]
  0x000002017c0ac000 JavaThread "Unconstrained build operations Thread 4" [_thread_blocked, id=25204, stack(0x0000000bfab00000,0x0000000bfac00000)]
  0x000002017c0ae800 JavaThread "Memory manager" [_thread_blocked, id=34660, stack(0x0000000bfac00000,0x0000000bfad00000)]
  0x000002017c0b2000 JavaThread "included builds" [_thread_blocked, id=35956, stack(0x0000000bfad00000,0x0000000bfae00000)]
  0x000002017df3f800 JavaThread "Execution worker for ':'" [_thread_blocked, id=17344, stack(0x0000000bfae00000,0x0000000bfaf00000)]
  0x000002017df44800 JavaThread "Execution worker for ':' Thread 2" [_thread_blocked, id=36256, stack(0x0000000bfaf00000,0x0000000bfb000000)]
  0x000002017df42000 JavaThread "Execution worker for ':' Thread 3" [_thread_blocked, id=35496, stack(0x0000000bfb000000,0x0000000bfb100000)]
  0x000002017df46000 JavaThread "Execution worker for ':' Thread 4" [_thread_blocked, id=38892, stack(0x0000000bfb100000,0x0000000bfb200000)]
  0x000002017df40000 JavaThread "Execution worker for ':' Thread 5" [_thread_blocked, id=36920, stack(0x0000000bfb200000,0x0000000bfb300000)]
  0x000002017df41000 JavaThread "Execution worker for ':' Thread 6" [_thread_blocked, id=9204, stack(0x0000000bfb300000,0x0000000bfb400000)]
  0x000002017df42800 JavaThread "Execution worker for ':' Thread 7" [_thread_blocked, id=23672, stack(0x0000000bfb400000,0x0000000bfb500000)]
  0x000002017df47000 JavaThread "Cache worker for execution history cache (C:\Users\User\IdeaProjects\QA-Diplom\.gradle\7.4\executionHistory)" [_thread_blocked, id=26700, stack(0x0000000bfb500000,0x0000000bfb600000)]
  0x000002017df49000 JavaThread "Unconstrained build operations Thread 5" [_thread_blocked, id=38436, stack(0x0000000bfb600000,0x0000000bfb700000)]
  0x000002017df48800 JavaThread "Unconstrained build operations Thread 6" [_thread_blocked, id=16708, stack(0x0000000bfb700000,0x0000000bfb800000)]
  0x000002017df45000 JavaThread "Unconstrained build operations Thread 7" [_thread_blocked, id=38420, stack(0x0000000bfb800000,0x0000000bfb900000)]
  0x000002017df47800 JavaThread "Unconstrained build operations Thread 8" [_thread_blocked, id=26980, stack(0x0000000bfb900000,0x0000000bfba00000)]
  0x000002017df43800 JavaThread "Unconstrained build operations Thread 9" [_thread_blocked, id=32592, stack(0x0000000bfba00000,0x0000000bfbb00000)]
  0x000002017df4b000 JavaThread "Unconstrained build operations Thread 10" [_thread_blocked, id=18452, stack(0x0000000bfbb00000,0x0000000bfbc00000)]
  0x000002017df4a000 JavaThread "Unconstrained build operations Thread 11" [_thread_blocked, id=24068, stack(0x0000000bfbc00000,0x0000000bfbd00000)]
  0x000002017df4b800 JavaThread "Unconstrained build operations Thread 12" [_thread_blocked, id=32776, stack(0x0000000bfbd00000,0x0000000bfbe00000)]
  0x000002017df4c800 JavaThread "Unconstrained build operations Thread 13" [_thread_blocked, id=35248, stack(0x0000000bfbe00000,0x0000000bfbf00000)]
  0x000002017df4d800 JavaThread "Unconstrained build operations Thread 14" [_thread_blocked, id=27572, stack(0x0000000bfbf00000,0x0000000bfc000000)]
  0x000002017df4e000 JavaThread "Unconstrained build operations Thread 15" [_thread_blocked, id=37464, stack(0x0000000bfc000000,0x0000000bfc100000)]
  0x000002017e11c800 JavaThread "Unconstrained build operations Thread 16" [_thread_blocked, id=24484, stack(0x0000000bfc100000,0x0000000bfc200000)]
  0x000002017e11d000 JavaThread "Unconstrained build operations Thread 17" [_thread_blocked, id=35028, stack(0x0000000bfc200000,0x0000000bfc300000)]
  0x000002017e120800 JavaThread "Unconstrained build operations Thread 18" [_thread_blocked, id=20596, stack(0x0000000bfc300000,0x0000000bfc400000)]
  0x000002017e122000 JavaThread "Unconstrained build operations Thread 19" [_thread_blocked, id=38160, stack(0x0000000bfc400000,0x0000000bfc500000)]
  0x000002017e121000 JavaThread "Unconstrained build operations Thread 20" [_thread_blocked, id=34012, stack(0x0000000bfc500000,0x0000000bfc600000)]
  0x000002017e123000 JavaThread "Unconstrained build operations Thread 21" [_thread_blocked, id=5056, stack(0x0000000bfc600000,0x0000000bfc700000)]
  0x000002017e123800 JavaThread "Unconstrained build operations Thread 22" [_thread_blocked, id=34304, stack(0x0000000bfc700000,0x0000000bfc800000)]
  0x000002017e11e000 JavaThread "Unconstrained build operations Thread 23" [_thread_blocked, id=19300, stack(0x0000000bfc800000,0x0000000bfc900000)]
  0x000002017e124800 JavaThread "Unconstrained build operations Thread 24" [_thread_blocked, id=31520, stack(0x0000000bfc900000,0x0000000bfca00000)]
  0x000002017e11e800 JavaThread "Unconstrained build operations Thread 25" [_thread_blocked, id=16688, stack(0x0000000bfca00000,0x0000000bfcb00000)]
  0x000002017e11f800 JavaThread "Unconstrained build operations Thread 26" [_thread_blocked, id=38684, stack(0x0000000bfcb00000,0x0000000bfcc00000)]
  0x000002017e127000 JavaThread "Unconstrained build operations Thread 27" [_thread_blocked, id=23236, stack(0x0000000bfcc00000,0x0000000bfcd00000)]
  0x000002017e125000 JavaThread "Unconstrained build operations Thread 28" [_thread_blocked, id=33888, stack(0x0000000bfcd00000,0x0000000bfce00000)]
  0x000002017e126000 JavaThread "Unconstrained build operations Thread 29" [_thread_blocked, id=36812, stack(0x0000000bfce00000,0x0000000bfcf00000)]
  0x000002017e127800 JavaThread "Unconstrained build operations Thread 30" [_thread_blocked, id=15584, stack(0x0000000bfcf00000,0x0000000bfd000000)]
  0x000002017e128800 JavaThread "Unconstrained build operations Thread 31" [_thread_blocked, id=13580, stack(0x0000000bfd000000,0x0000000bfd100000)]
  0x000002017e129800 JavaThread "Unconstrained build operations Thread 32" [_thread_blocked, id=37416, stack(0x0000000bfd100000,0x0000000bfd200000)]
  0x000002017e12a000 JavaThread "Unconstrained build operations Thread 33" [_thread_blocked, id=38440, stack(0x0000000bfd200000,0x0000000bfd300000)]
  0x000002017e12b000 JavaThread "Unconstrained build operations Thread 34" [_thread_blocked, id=13112, stack(0x0000000bfd300000,0x0000000bfd400000)]
  0x000002017dc0c800 JavaThread "Unconstrained build operations Thread 35" [_thread_blocked, id=24260, stack(0x0000000bfd400000,0x0000000bfd500000)]
  0x000002017dc10800 JavaThread "Unconstrained build operations Thread 36" [_thread_blocked, id=35624, stack(0x0000000bfd500000,0x0000000bfd600000)]
  0x000002017dc0d000 JavaThread "Unconstrained build operations Thread 37" [_thread_blocked, id=14008, stack(0x0000000bfd600000,0x0000000bfd700000)]
  0x000002017dc11000 JavaThread "Unconstrained build operations Thread 38" [_thread_blocked, id=12196, stack(0x0000000bfd700000,0x0000000bfd800000)]
  0x000002017dc0e000 JavaThread "Unconstrained build operations Thread 39" [_thread_blocked, id=37800, stack(0x0000000bfd800000,0x0000000bfd900000)]
  0x000002017dc13800 JavaThread "Unconstrained build operations Thread 40" [_thread_blocked, id=36008, stack(0x0000000bfd900000,0x0000000bfda00000)]
  0x000002017dc12000 JavaThread "Unconstrained build operations Thread 41" [_thread_blocked, id=37472, stack(0x0000000bfda00000,0x0000000bfdb00000)]
  0x000002017dc13000 JavaThread "Unconstrained build operations Thread 42" [_thread_blocked, id=38492, stack(0x0000000bfdb00000,0x0000000bfdc00000)]
  0x000002017dc14800 JavaThread "Unconstrained build operations Thread 43" [_thread_blocked, id=37804, stack(0x0000000bfdc00000,0x0000000bfdd00000)]
  0x000002017dc0f800 JavaThread "Unconstrained build operations Thread 44" [_thread_blocked, id=33500, stack(0x0000000bfdd00000,0x0000000bfde00000)]
  0x000002017dc0e800 JavaThread "Unconstrained build operations Thread 45" [_thread_blocked, id=35712, stack(0x0000000bfde00000,0x0000000bfdf00000)]
  0x000002017dc15800 JavaThread "Unconstrained build operations Thread 46" [_thread_blocked, id=23416, stack(0x0000000bfdf00000,0x0000000bfe000000)]
  0x000002017dc19800 JavaThread "Unconstrained build operations Thread 47" [_thread_blocked, id=37968, stack(0x0000000bfe000000,0x0000000bfe100000)]
  0x000002017dc18800 JavaThread "Unconstrained build operations Thread 48" [_thread_blocked, id=32528, stack(0x0000000bfe100000,0x0000000bfe200000)]
  0x000002017dc1a000 JavaThread "Unconstrained build operations Thread 49" [_thread_blocked, id=29500, stack(0x0000000bfe200000,0x0000000bfe300000)]
  0x000002017dc1b000 JavaThread "Unconstrained build operations Thread 50" [_thread_blocked, id=15512, stack(0x0000000bfe300000,0x0000000bfe400000)]
  0x000002017dc16000 JavaThread "Unconstrained build operations Thread 51" [_thread_blocked, id=38428, stack(0x0000000bfe400000,0x0000000bfe500000)]
  0x000002017dc17000 JavaThread "Unconstrained build operations Thread 52" [_thread_blocked, id=36508, stack(0x0000000bfe500000,0x0000000bfe600000)]
  0x000002017dc17800 JavaThread "Unconstrained build operations Thread 53" [_thread_blocked, id=13956, stack(0x0000000bfe600000,0x0000000bfe700000)]
  0x000002017c759800 JavaThread "Unconstrained build operations Thread 54" [_thread_blocked, id=34996, stack(0x0000000bfe700000,0x0000000bfe800000)]
  0x000002017c759000 JavaThread "Unconstrained build operations Thread 55" [_thread_blocked, id=38340, stack(0x0000000bfe800000,0x0000000bfe900000)]
  0x000002017c75d800 JavaThread "Unconstrained build operations Thread 56" [_thread_blocked, id=38860, stack(0x0000000bfe900000,0x0000000bfea00000)]
  0x000002017c75d000 JavaThread "Unconstrained build operations Thread 57" [_thread_blocked, id=10436, stack(0x0000000bfea00000,0x0000000bfeb00000)]
  0x000002017c760000 JavaThread "Unconstrained build operations Thread 58" [_thread_blocked, id=38604, stack(0x0000000bfeb00000,0x0000000bfec00000)]
  0x000002017c75a800 JavaThread "Unconstrained build operations Thread 59" [_thread_blocked, id=21572, stack(0x0000000bfec00000,0x0000000bfed00000)]
  0x000002017c75e800 JavaThread "Unconstrained build operations Thread 60" [_thread_blocked, id=25516, stack(0x0000000bfed00000,0x0000000bfee00000)]
  0x000002017c761000 JavaThread "Unconstrained build operations Thread 61" [_thread_blocked, id=36056, stack(0x0000000bfee00000,0x0000000bfef00000)]
  0x000002017c75f800 JavaThread "Unconstrained build operations Thread 62" [_thread_blocked, id=33196, stack(0x0000000bfef00000,0x0000000bff000000)]
  0x000002017c75c000 JavaThread "Unconstrained build operations Thread 63" [_thread_blocked, id=24600, stack(0x0000000bff000000,0x0000000bff100000)]
  0x000002017c75b000 JavaThread "Unconstrained build operations Thread 64" [_thread_blocked, id=18132, stack(0x0000000bff100000,0x0000000bff200000)]
  0x000002017c767800 JavaThread "Unconstrained build operations Thread 65" [_thread_blocked, id=38760, stack(0x0000000bff200000,0x0000000bff300000)]
  0x000002017c764000 JavaThread "Unconstrained build operations Thread 66" [_thread_blocked, id=33052, stack(0x0000000bff300000,0x0000000bff400000)]
  0x000002017c762000 JavaThread "Unconstrained build operations Thread 67" [_thread_blocked, id=18356, stack(0x0000000bff400000,0x0000000bff500000)]
  0x000002017c766000 JavaThread "Unconstrained build operations Thread 68" [_thread_blocked, id=10912, stack(0x0000000bff500000,0x0000000bff600000)]
  0x000002017c763800 JavaThread "Unconstrained build operations Thread 69" [_thread_blocked, id=19708, stack(0x0000000bff600000,0x0000000bff700000)]
  0x000002017c765000 JavaThread "Unconstrained build operations Thread 70" [_thread_blocked, id=26368, stack(0x0000000bff700000,0x0000000bff800000)]
  0x000002017c766800 JavaThread "Unconstrained build operations Thread 71" [_thread_blocked, id=35728, stack(0x0000000bff800000,0x0000000bff900000)]
  0x000002017c762800 JavaThread "Unconstrained build operations Thread 72" [_thread_blocked, id=23968, stack(0x0000000bff900000,0x0000000bffa00000)]
  0x000002017c6e7800 JavaThread "Unconstrained build operations Thread 73" [_thread_blocked, id=38112, stack(0x0000000bffa00000,0x0000000bffb00000)]
  0x000002017c6ea800 JavaThread "Unconstrained build operations Thread 74" [_thread_blocked, id=28644, stack(0x0000000bffb00000,0x0000000bffc00000)]
  0x000002017c6e8000 JavaThread "Unconstrained build operations Thread 75" [_thread_blocked, id=27948, stack(0x0000000bffc00000,0x0000000bffd00000)]
  0x000002017c6eb800 JavaThread "Unconstrained build operations Thread 76" [_thread_blocked, id=11864, stack(0x0000000bffd00000,0x0000000bffe00000)]
  0x000002017c6e9000 JavaThread "Unconstrained build operations Thread 77" [_thread_blocked, id=19012, stack(0x0000000bffe00000,0x0000000bfff00000)]
  0x000002017c6ed000 JavaThread "Unconstrained build operations Thread 78" [_thread_blocked, id=11480, stack(0x0000000bfff00000,0x0000000c00000000)]
  0x000002017c6ef800 JavaThread "Unconstrained build operations Thread 79" [_thread_blocked, id=29540, stack(0x0000000b80000000,0x0000000b80100000)]
  0x000002017c6ec800 JavaThread "Unconstrained build operations Thread 80" [_thread_blocked, id=23048, stack(0x0000000b80100000,0x0000000b80200000)]
  0x000002017c6ee000 JavaThread "Dispatch org.gradle.api.internal.tasks.testing.results.AttachParentTestResultProcessor@4775882c" [_thread_in_Java, id=37424, stack(0x0000000b80200000,0x0000000b80300000)]
  0x000002017c6ea000 JavaThread "Dispatch org.gradle.api.internal.tasks.testing.processors.RestartEveryNTestClassProcessor@7efb1c2a" [_thread_blocked, id=30660, stack(0x0000000b80300000,0x0000000b80400000)]
  0x000002017c6f0800 JavaThread "Incoming local TCP Connector on port 64989" [_thread_blocked, id=33260, stack(0x0000000b80400000,0x0000000b80500000)]
  0x000002017c6ef000 JavaThread "Exec process" [_thread_in_native, id=38088, stack(0x0000000b80500000,0x0000000b80600000)]
  0x000002017c6f2000 JavaThread "Exec process Thread 2" [_thread_blocked, id=34696, stack(0x0000000b80700000,0x0000000b80800000)]
  0x000002017c6f1000 JavaThread "Exec process Thread 3" [_thread_in_native, id=34916, stack(0x0000000b80800000,0x0000000b80900000)]
  0x000002017c6f4800 JavaThread "Exec process Thread 4" [_thread_in_native, id=21456, stack(0x0000000b80900000,0x0000000b80a00000)]
  0x000002017c6f5800 JavaThread "/127.0.0.1:64989 to /127.0.0.1:64991 workers" [_thread_blocked, id=32236, stack(0x0000000b80600000,0x0000000b80700000)]
  0x000002017c6f3000 JavaThread "/127.0.0.1:64989 to /127.0.0.1:64991 workers Thread 2" [_thread_blocked, id=32820, stack(0x0000000b80a00000,0x0000000b80b00000)]
  0x000002017c6f3800 JavaThread "/127.0.0.1:64989 to /127.0.0.1:64991 workers Thread 3" [_thread_blocked, id=17480, stack(0x0000000b80b00000,0x0000000b80c00000)]
  0x000002017c6f6000 JavaThread "/127.0.0.1:64989 to /127.0.0.1:64991 workers Thread 4" [_thread_in_native, id=28232, stack(0x0000000b80c00000,0x0000000b80d00000)]

Other Threads:
  0x000002017731e800 VMThread "VM Thread" [stack: 0x0000000bf7600000,0x0000000bf7700000] [id=37872]
  0x0000020177d2f000 WatcherThread [stack: 0x0000000bf8000000,0x0000000bf8100000] [id=36068]
  0x000002016a3d5800 GCTaskThread "GC Thread#0" [stack: 0x0000000bf7100000,0x0000000bf7200000] [id=28432]
  0x0000020178100000 GCTaskThread "GC Thread#1" [stack: 0x0000000bf8100000,0x0000000bf8200000] [id=8404]
  0x0000020178938000 GCTaskThread "GC Thread#2" [stack: 0x0000000bf8200000,0x0000000bf8300000] [id=5248]
  0x000002017899f800 GCTaskThread "GC Thread#3" [stack: 0x0000000bf8300000,0x0000000bf8400000] [id=37480]
  0x00000201789a0800 GCTaskThread "GC Thread#4" [stack: 0x0000000bf8400000,0x0000000bf8500000] [id=26296]
  0x00000201788ba000 GCTaskThread "GC Thread#5" [stack: 0x0000000bf8500000,0x0000000bf8600000] [id=35320]
  0x0000020179827000 GCTaskThread "GC Thread#6" [stack: 0x0000000bf9300000,0x0000000bf9400000] [id=34852]
  0x0000020177e24800 GCTaskThread "GC Thread#7" [stack: 0x0000000bf9400000,0x0000000bf9500000] [id=19772]
  0x000002016a3e7000 ConcurrentGCThread "G1 Main Marker" [stack: 0x0000000bf7200000,0x0000000bf7300000] [id=38624]
  0x000002016a3e9000 ConcurrentGCThread "G1 Conc#0" [stack: 0x0000000bf7300000,0x0000000bf7400000] [id=29144]
  0x0000020179cc0000 ConcurrentGCThread "G1 Conc#1" [stack: 0x0000000bf9500000,0x0000000bf9600000] [id=38312]
  0x00000201771b6800 ConcurrentGCThread "G1 Refine#0" [stack: 0x0000000bf7400000,0x0000000bf7500000] [id=38576]
  0x00000201771b7000 ConcurrentGCThread "G1 Young RemSet Sampling" [stack: 0x0000000bf7500000,0x0000000bf7600000] [id=38664]

Threads with active compile tasks:
C2 CompilerThread0  75104 6746       4       java.util.TreeMap::put (247 bytes)

VM state:at safepoint (normal execution)

VM Mutex/Monitor currently owned by a thread:  ([mutex/lock_event])
[0x000002016a3b6d50] Threads_lock - owner thread: 0x000002017731e800
[0x000002016a3b7d10] Compile_lock - owner thread: 0x000002017c6ee000

Heap address: 0x00000000e0000000, size: 512 MB, Compressed Oops mode: 32-bit
Narrow klass base: 0x0000000000000000, Narrow klass shift: 3
Compressed class space size: 260046848 Address: 0x0000000100000000

Heap:
 garbage-first heap   total 262144K, used 74774K [0x00000000e0000000, 0x0000000100000000)
  region size 1024K, 47 young (48128K), 14 survivors (14336K)
 Metaspace       used 59895K, capacity 62020K, committed 62236K, reserved 309248K
  class space    used 7875K, capacity 8707K, committed 8780K, reserved 253952K
Heap Regions: E=young(eden), S=young(survivor), O=old, HS=humongous(starts), HC=humongous(continues), CS=collection set, F=free, A=archive, TAMS=top-at-mark-start (previous, next)
|   0|0x00000000e0000000, 0x00000000e0100000, 0x00000000e0100000|100%| O|  |TAMS 0x00000000e0100000, 0x00000000e0000000| Untracked 
|   1|0x00000000e0100000, 0x00000000e0200000, 0x00000000e0200000|100%| O|  |TAMS 0x00000000e0200000, 0x00000000e0100000| Untracked 
|   2|0x00000000e0200000, 0x00000000e0300000, 0x00000000e0300000|100%| O|  |TAMS 0x00000000e0300000, 0x00000000e0200000| Untracked 
|   3|0x00000000e0300000, 0x00000000e0400000, 0x00000000e0400000|100%|HS|  |TAMS 0x00000000e0400000, 0x00000000e0300000| Complete 
|   4|0x00000000e0400000, 0x00000000e0500000, 0x00000000e0500000|100%|HC|  |TAMS 0x00000000e0500000, 0x00000000e0400000| Complete 
|   5|0x00000000e0500000, 0x00000000e0600000, 0x00000000e0600000|100%|HC|  |TAMS 0x00000000e0600000, 0x00000000e0500000| Complete 
|   6|0x00000000e0600000, 0x00000000e0700000, 0x00000000e0700000|100%| O|  |TAMS 0x00000000e0700000, 0x00000000e0600000| Untracked 
|   7|0x00000000e0700000, 0x00000000e0800000, 0x00000000e0800000|100%| O|  |TAMS 0x00000000e0800000, 0x00000000e0700000| Untracked 
|   8|0x00000000e0800000, 0x00000000e0900000, 0x00000000e0900000|100%| O|  |TAMS 0x00000000e0900000, 0x00000000e0800000| Untracked 
|   9|0x00000000e0900000, 0x00000000e0a00000, 0x00000000e0a00000|100%| O|  |TAMS 0x00000000e0a00000, 0x00000000e0900000| Untracked 
|  10|0x00000000e0a00000, 0x00000000e0b00000, 0x00000000e0b00000|100%| O|  |TAMS 0x00000000e0b00000, 0x00000000e0a00000| Untracked 
|  11|0x00000000e0b00000, 0x00000000e0c00000, 0x00000000e0c00000|100%| O|  |TAMS 0x00000000e0c00000, 0x00000000e0b00000| Untracked 
|  12|0x00000000e0c00000, 0x00000000e0d00000, 0x00000000e0d00000|100%| O|  |TAMS 0x00000000e0d00000, 0x00000000e0c00000| Untracked 
|  13|0x00000000e0d00000, 0x00000000e0e00000, 0x00000000e0e00000|100%| O|  |TAMS 0x00000000e0e00000, 0x00000000e0d00000| Untracked 
|  14|0x00000000e0e00000, 0x00000000e0f00000, 0x00000000e0f00000|100%| O|  |TAMS 0x00000000e0f00000, 0x00000000e0e00000| Untracked 
|  15|0x00000000e0f00000, 0x00000000e1000000, 0x00000000e1000000|100%| O|  |TAMS 0x00000000e1000000, 0x00000000e0f00000| Untracked 
|  16|0x00000000e1000000, 0x00000000e1100000, 0x00000000e1100000|100%| O|  |TAMS 0x00000000e1100000, 0x00000000e1000000| Untracked 
|  17|0x00000000e1100000, 0x00000000e1200000, 0x00000000e1200000|100%| O|  |TAMS 0x00000000e1200000, 0x00000000e1100000| Untracked 
|  18|0x00000000e1200000, 0x00000000e1300000, 0x00000000e1300000|100%| O|  |TAMS 0x00000000e1300000, 0x00000000e1200000| Untracked 
|  19|0x00000000e1300000, 0x00000000e1400000, 0x00000000e1400000|100%| O|  |TAMS 0x00000000e1400000, 0x00000000e1300000| Untracked 
|  20|0x00000000e1400000, 0x00000000e1500000, 0x00000000e1500000|100%| O|  |TAMS 0x00000000e1500000, 0x00000000e1400000| Untracked 
|  21|0x00000000e1500000, 0x00000000e1600000, 0x00000000e1600000|100%| O|  |TAMS 0x00000000e1600000, 0x00000000e1500000| Untracked 
|  22|0x00000000e1600000, 0x00000000e1700000, 0x00000000e1700000|100%| O|  |TAMS 0x00000000e1700000, 0x00000000e1600000| Untracked 
|  23|0x00000000e1700000, 0x00000000e1800000, 0x00000000e1800000|100%| O|  |TAMS 0x00000000e1800000, 0x00000000e1700000| Untracked 
|  24|0x00000000e1800000, 0x00000000e1900000, 0x00000000e1900000|100%| O|  |TAMS 0x00000000e1900000, 0x00000000e1800000| Untracked 
|  25|0x00000000e1900000, 0x00000000e1a00000, 0x00000000e1a00000|100%| O|  |TAMS 0x00000000e1a00000, 0x00000000e1900000| Untracked 
|  26|0x00000000e1a00000, 0x00000000e1b00000, 0x00000000e1b00000|100%| O|  |TAMS 0x00000000e1b00000, 0x00000000e1a00000| Untracked 
|  27|0x00000000e1b00000, 0x00000000e1b39e00, 0x00000000e1c00000| 22%| O|  |TAMS 0x00000000e1b39e00, 0x00000000e1b00000| Untracked 
|  28|0x00000000e1c00000, 0x00000000e1c00000, 0x00000000e1d00000|  0%| F|  |TAMS 0x00000000e1c00000, 0x00000000e1c00000| Untracked 
|  29|0x00000000e1d00000, 0x00000000e1d00000, 0x00000000e1e00000|  0%| F|  |TAMS 0x00000000e1d00000, 0x00000000e1d00000| Untracked 
|  30|0x00000000e1e00000, 0x00000000e1e00000, 0x00000000e1f00000|  0%| F|  |TAMS 0x00000000e1e00000, 0x00000000e1e00000| Untracked 
|  31|0x00000000e1f00000, 0x00000000e1f00000, 0x00000000e2000000|  0%| F|  |TAMS 0x00000000e1f00000, 0x00000000e1f00000| Untracked 
|  32|0x00000000e2000000, 0x00000000e2000000, 0x00000000e2100000|  0%| F|  |TAMS 0x00000000e2000000, 0x00000000e2000000| Untracked 
|  33|0x00000000e2100000, 0x00000000e2100000, 0x00000000e2200000|  0%| F|  |TAMS 0x00000000e2100000, 0x00000000e2100000| Untracked 
|  34|0x00000000e2200000, 0x00000000e2200000, 0x00000000e2300000|  0%| F|  |TAMS 0x00000000e2200000, 0x00000000e2200000| Untracked 
|  35|0x00000000e2300000, 0x00000000e2300000, 0x00000000e2400000|  0%| F|  |TAMS 0x00000000e2300000, 0x00000000e2300000| Untracked 
|  36|0x00000000e2400000, 0x00000000e2400000, 0x00000000e2500000|  0%| F|  |TAMS 0x00000000e2400000, 0x00000000e2400000| Untracked 
|  37|0x00000000e2500000, 0x00000000e2500000, 0x00000000e2600000|  0%| F|  |TAMS 0x00000000e2500000, 0x00000000e2500000| Untracked 
|  38|0x00000000e2600000, 0x00000000e2600000, 0x00000000e2700000|  0%| F|  |TAMS 0x00000000e2600000, 0x00000000e2600000| Untracked 
|  39|0x00000000e2700000, 0x00000000e2700000, 0x00000000e2800000|  0%| F|  |TAMS 0x00000000e2700000, 0x00000000e2700000| Untracked 
|  40|0x00000000e2800000, 0x00000000e2800000, 0x00000000e2900000|  0%| F|  |TAMS 0x00000000e2800000, 0x00000000e2800000| Untracked 
|  41|0x00000000e2900000, 0x00000000e2900000, 0x00000000e2a00000|  0%| F|  |TAMS 0x00000000e2900000, 0x00000000e2900000| Untracked 
|  42|0x00000000e2a00000, 0x00000000e2a00000, 0x00000000e2b00000|  0%| F|  |TAMS 0x00000000e2a00000, 0x00000000e2a00000| Untracked 
|  43|0x00000000e2b00000, 0x00000000e2b00000, 0x00000000e2c00000|  0%| F|  |TAMS 0x00000000e2b00000, 0x00000000e2b00000| Untracked 
|  44|0x00000000e2c00000, 0x00000000e2c00000, 0x00000000e2d00000|  0%| F|  |TAMS 0x00000000e2c00000, 0x00000000e2c00000| Untracked 
|  45|0x00000000e2d00000, 0x00000000e2d00000, 0x00000000e2e00000|  0%| F|  |TAMS 0x00000000e2d00000, 0x00000000e2d00000| Untracked 
|  46|0x00000000e2e00000, 0x00000000e2e00000, 0x00000000e2f00000|  0%| F|  |TAMS 0x00000000e2e00000, 0x00000000e2e00000| Untracked 
|  47|0x00000000e2f00000, 0x00000000e2f00000, 0x00000000e3000000|  0%| F|  |TAMS 0x00000000e2f00000, 0x00000000e2f00000| Untracked 
|  48|0x00000000e3000000, 0x00000000e3000000, 0x00000000e3100000|  0%| F|  |TAMS 0x00000000e3000000, 0x00000000e3000000| Untracked 
|  49|0x00000000e3100000, 0x00000000e3100000, 0x00000000e3200000|  0%| F|  |TAMS 0x00000000e3100000, 0x00000000e3100000| Untracked 
|  50|0x00000000e3200000, 0x00000000e3200000, 0x00000000e3300000|  0%| F|  |TAMS 0x00000000e3200000, 0x00000000e3200000| Untracked 
|  51|0x00000000e3300000, 0x00000000e3300000, 0x00000000e3400000|  0%| F|  |TAMS 0x00000000e3300000, 0x00000000e3300000| Untracked 
|  52|0x00000000e3400000, 0x00000000e3400000, 0x00000000e3500000|  0%| F|  |TAMS 0x00000000e3400000, 0x00000000e3400000| Untracked 
|  53|0x00000000e3500000, 0x00000000e3500000, 0x00000000e3600000|  0%| F|  |TAMS 0x00000000e3500000, 0x00000000e3500000| Untracked 
|  54|0x00000000e3600000, 0x00000000e3600000, 0x00000000e3700000|  0%| F|  |TAMS 0x00000000e3600000, 0x00000000e3600000| Untracked 
|  55|0x00000000e3700000, 0x00000000e3700000, 0x00000000e3800000|  0%| F|  |TAMS 0x00000000e3700000, 0x00000000e3700000| Untracked 
|  56|0x00000000e3800000, 0x00000000e3800000, 0x00000000e3900000|  0%| F|  |TAMS 0x00000000e3800000, 0x00000000e3800000| Untracked 
|  57|0x00000000e3900000, 0x00000000e3900000, 0x00000000e3a00000|  0%| F|  |TAMS 0x00000000e3900000, 0x00000000e3900000| Untracked 
|  58|0x00000000e3a00000, 0x00000000e3a00000, 0x00000000e3b00000|  0%| F|  |TAMS 0x00000000e3a00000, 0x00000000e3a00000| Untracked 
|  59|0x00000000e3b00000, 0x00000000e3b00000, 0x00000000e3c00000|  0%| F|  |TAMS 0x00000000e3b00000, 0x00000000e3b00000| Untracked 
|  60|0x00000000e3c00000, 0x00000000e3c00000, 0x00000000e3d00000|  0%| F|  |TAMS 0x00000000e3c00000, 0x00000000e3c00000| Untracked 
|  61|0x00000000e3d00000, 0x00000000e3d00000, 0x00000000e3e00000|  0%| F|  |TAMS 0x00000000e3d00000, 0x00000000e3d00000| Untracked 
|  62|0x00000000e3e00000, 0x00000000e3e00000, 0x00000000e3f00000|  0%| F|  |TAMS 0x00000000e3e00000, 0x00000000e3e00000| Untracked 
|  63|0x00000000e3f00000, 0x00000000e3f00000, 0x00000000e4000000|  0%| F|  |TAMS 0x00000000e3f00000, 0x00000000e3f00000| Untracked 
|  64|0x00000000e4000000, 0x00000000e4000000, 0x00000000e4100000|  0%| F|  |TAMS 0x00000000e4000000, 0x00000000e4000000| Untracked 
|  65|0x00000000e4100000, 0x00000000e4100000, 0x00000000e4200000|  0%| F|  |TAMS 0x00000000e4100000, 0x00000000e4100000| Untracked 
|  66|0x00000000e4200000, 0x00000000e4200000, 0x00000000e4300000|  0%| F|  |TAMS 0x00000000e4200000, 0x00000000e4200000| Untracked 
|  67|0x00000000e4300000, 0x00000000e4300000, 0x00000000e4400000|  0%| F|  |TAMS 0x00000000e4300000, 0x00000000e4300000| Untracked 
|  68|0x00000000e4400000, 0x00000000e4400000, 0x00000000e4500000|  0%| F|  |TAMS 0x00000000e4400000, 0x00000000e4400000| Untracked 
|  69|0x00000000e4500000, 0x00000000e4500000, 0x00000000e4600000|  0%| F|  |TAMS 0x00000000e4500000, 0x00000000e4500000| Untracked 
|  70|0x00000000e4600000, 0x00000000e4600000, 0x00000000e4700000|  0%| F|  |TAMS 0x00000000e4600000, 0x00000000e4600000| Untracked 
|  71|0x00000000e4700000, 0x00000000e4700000, 0x00000000e4800000|  0%| F|  |TAMS 0x00000000e4700000, 0x00000000e4700000| Untracked 
|  72|0x00000000e4800000, 0x00000000e4800000, 0x00000000e4900000|  0%| F|  |TAMS 0x00000000e4800000, 0x00000000e4800000| Untracked 
|  73|0x00000000e4900000, 0x00000000e4900000, 0x00000000e4a00000|  0%| F|  |TAMS 0x00000000e4900000, 0x00000000e4900000| Untracked 
|  74|0x00000000e4a00000, 0x00000000e4a00000, 0x00000000e4b00000|  0%| F|  |TAMS 0x00000000e4a00000, 0x00000000e4a00000| Untracked 
|  75|0x00000000e4b00000, 0x00000000e4b00000, 0x00000000e4c00000|  0%| F|  |TAMS 0x00000000e4b00000, 0x00000000e4b00000| Untracked 
|  76|0x00000000e4c00000, 0x00000000e4c00000, 0x00000000e4d00000|  0%| F|  |TAMS 0x00000000e4c00000, 0x00000000e4c00000| Untracked 
|  77|0x00000000e4d00000, 0x00000000e4d00000, 0x00000000e4e00000|  0%| F|  |TAMS 0x00000000e4d00000, 0x00000000e4d00000| Untracked 
|  78|0x00000000e4e00000, 0x00000000e4e00000, 0x00000000e4f00000|  0%| F|  |TAMS 0x00000000e4e00000, 0x00000000e4e00000| Untracked 
|  79|0x00000000e4f00000, 0x00000000e4f00000, 0x00000000e5000000|  0%| F|  |TAMS 0x00000000e4f00000, 0x00000000e4f00000| Untracked 
|  80|0x00000000e5000000, 0x00000000e5000000, 0x00000000e5100000|  0%| F|  |TAMS 0x00000000e5000000, 0x00000000e5000000| Untracked 
|  81|0x00000000e5100000, 0x00000000e5100000, 0x00000000e5200000|  0%| F|  |TAMS 0x00000000e5100000, 0x00000000e5100000| Untracked 
|  82|0x00000000e5200000, 0x00000000e5200000, 0x00000000e5300000|  0%| F|  |TAMS 0x00000000e5200000, 0x00000000e5200000| Untracked 
|  83|0x00000000e5300000, 0x00000000e5300000, 0x00000000e5400000|  0%| F|  |TAMS 0x00000000e5300000, 0x00000000e5300000| Untracked 
|  84|0x00000000e5400000, 0x00000000e5400000, 0x00000000e5500000|  0%| F|  |TAMS 0x00000000e5400000, 0x00000000e5400000| Untracked 
|  85|0x00000000e5500000, 0x00000000e5500000, 0x00000000e5600000|  0%| F|  |TAMS 0x00000000e5500000, 0x00000000e5500000| Untracked 
|  86|0x00000000e5600000, 0x00000000e5600000, 0x00000000e5700000|  0%| F|  |TAMS 0x00000000e5600000, 0x00000000e5600000| Untracked 
|  87|0x00000000e5700000, 0x00000000e5700000, 0x00000000e5800000|  0%| F|  |TAMS 0x00000000e5700000, 0x00000000e5700000| Untracked 
|  88|0x00000000e5800000, 0x00000000e5800000, 0x00000000e5900000|  0%| F|  |TAMS 0x00000000e5800000, 0x00000000e5800000| Untracked 
|  89|0x00000000e5900000, 0x00000000e5900000, 0x00000000e5a00000|  0%| F|  |TAMS 0x00000000e5900000, 0x00000000e5900000| Untracked 
|  90|0x00000000e5a00000, 0x00000000e5a00000, 0x00000000e5b00000|  0%| F|  |TAMS 0x00000000e5a00000, 0x00000000e5a00000| Untracked 
|  91|0x00000000e5b00000, 0x00000000e5b00000, 0x00000000e5c00000|  0%| F|  |TAMS 0x00000000e5b00000, 0x00000000e5b00000| Untracked 
|  92|0x00000000e5c00000, 0x00000000e5c00000, 0x00000000e5d00000|  0%| F|  |TAMS 0x00000000e5c00000, 0x00000000e5c00000| Untracked 
|  93|0x00000000e5d00000, 0x00000000e5d00000, 0x00000000e5e00000|  0%| F|  |TAMS 0x00000000e5d00000, 0x00000000e5d00000| Untracked 
|  94|0x00000000e5e00000, 0x00000000e5e00000, 0x00000000e5f00000|  0%| F|  |TAMS 0x00000000e5e00000, 0x00000000e5e00000| Untracked 
|  95|0x00000000e5f00000, 0x00000000e5f00000, 0x00000000e6000000|  0%| F|  |TAMS 0x00000000e5f00000, 0x00000000e5f00000| Untracked 
|  96|0x00000000e6000000, 0x00000000e6000000, 0x00000000e6100000|  0%| F|  |TAMS 0x00000000e6000000, 0x00000000e6000000| Untracked 
|  97|0x00000000e6100000, 0x00000000e6100000, 0x00000000e6200000|  0%| F|  |TAMS 0x00000000e6100000, 0x00000000e6100000| Untracked 
|  98|0x00000000e6200000, 0x00000000e6200000, 0x00000000e6300000|  0%| F|  |TAMS 0x00000000e6200000, 0x00000000e6200000| Untracked 
|  99|0x00000000e6300000, 0x00000000e6300000, 0x00000000e6400000|  0%| F|  |TAMS 0x00000000e6300000, 0x00000000e6300000| Untracked 
| 100|0x00000000e6400000, 0x00000000e6400000, 0x00000000e6500000|  0%| F|  |TAMS 0x00000000e6400000, 0x00000000e6400000| Untracked 
| 101|0x00000000e6500000, 0x00000000e6500000, 0x00000000e6600000|  0%| F|  |TAMS 0x00000000e6500000, 0x00000000e6500000| Untracked 
| 102|0x00000000e6600000, 0x00000000e6600000, 0x00000000e6700000|  0%| F|  |TAMS 0x00000000e6600000, 0x00000000e6600000| Untracked 
| 103|0x00000000e6700000, 0x00000000e6700000, 0x00000000e6800000|  0%| F|  |TAMS 0x00000000e6700000, 0x00000000e6700000| Untracked 
| 104|0x00000000e6800000, 0x00000000e6800000, 0x00000000e6900000|  0%| F|  |TAMS 0x00000000e6800000, 0x00000000e6800000| Untracked 
| 105|0x00000000e6900000, 0x00000000e6900000, 0x00000000e6a00000|  0%| F|  |TAMS 0x00000000e6900000, 0x00000000e6900000| Untracked 
| 106|0x00000000e6a00000, 0x00000000e6a00000, 0x00000000e6b00000|  0%| F|  |TAMS 0x00000000e6a00000, 0x00000000e6a00000| Untracked 
| 107|0x00000000e6b00000, 0x00000000e6b00000, 0x00000000e6c00000|  0%| F|  |TAMS 0x00000000e6b00000, 0x00000000e6b00000| Untracked 
| 108|0x00000000e6c00000, 0x00000000e6c00000, 0x00000000e6d00000|  0%| F|  |TAMS 0x00000000e6c00000, 0x00000000e6c00000| Untracked 
| 109|0x00000000e6d00000, 0x00000000e6d00000, 0x00000000e6e00000|  0%| F|  |TAMS 0x00000000e6d00000, 0x00000000e6d00000| Untracked 
| 110|0x00000000e6e00000, 0x00000000e6e00000, 0x00000000e6f00000|  0%| F|  |TAMS 0x00000000e6e00000, 0x00000000e6e00000| Untracked 
| 111|0x00000000e6f00000, 0x00000000e6f00000, 0x00000000e7000000|  0%| F|  |TAMS 0x00000000e6f00000, 0x00000000e6f00000| Untracked 
| 112|0x00000000e7000000, 0x00000000e7000000, 0x00000000e7100000|  0%| F|  |TAMS 0x00000000e7000000, 0x00000000e7000000| Untracked 
| 113|0x00000000e7100000, 0x00000000e7100000, 0x00000000e7200000|  0%| F|  |TAMS 0x00000000e7100000, 0x00000000e7100000| Untracked 
| 114|0x00000000e7200000, 0x00000000e7200000, 0x00000000e7300000|  0%| F|  |TAMS 0x00000000e7200000, 0x00000000e7200000| Untracked 
| 115|0x00000000e7300000, 0x00000000e7300000, 0x00000000e7400000|  0%| F|  |TAMS 0x00000000e7300000, 0x00000000e7300000| Untracked 
| 116|0x00000000e7400000, 0x00000000e7400000, 0x00000000e7500000|  0%| F|  |TAMS 0x00000000e7400000, 0x00000000e7400000| Untracked 
| 117|0x00000000e7500000, 0x00000000e7500000, 0x00000000e7600000|  0%| F|  |TAMS 0x00000000e7500000, 0x00000000e7500000| Untracked 
| 118|0x00000000e7600000, 0x00000000e7600000, 0x00000000e7700000|  0%| F|  |TAMS 0x00000000e7600000, 0x00000000e7600000| Untracked 
| 119|0x00000000e7700000, 0x00000000e7700000, 0x00000000e7800000|  0%| F|  |TAMS 0x00000000e7700000, 0x00000000e7700000| Untracked 
| 120|0x00000000e7800000, 0x00000000e7800000, 0x00000000e7900000|  0%| F|  |TAMS 0x00000000e7800000, 0x00000000e7800000| Untracked 
| 121|0x00000000e7900000, 0x00000000e7900000, 0x00000000e7a00000|  0%| F|  |TAMS 0x00000000e7900000, 0x00000000e7900000| Untracked 
| 122|0x00000000e7a00000, 0x00000000e7a00000, 0x00000000e7b00000|  0%| F|  |TAMS 0x00000000e7a00000, 0x00000000e7a00000| Untracked 
| 123|0x00000000e7b00000, 0x00000000e7b00000, 0x00000000e7c00000|  0%| F|  |TAMS 0x00000000e7b00000, 0x00000000e7b00000| Untracked 
| 124|0x00000000e7c00000, 0x00000000e7c00000, 0x00000000e7d00000|  0%| F|  |TAMS 0x00000000e7c00000, 0x00000000e7c00000| Untracked 
| 125|0x00000000e7d00000, 0x00000000e7d00000, 0x00000000e7e00000|  0%| F|  |TAMS 0x00000000e7d00000, 0x00000000e7d00000| Untracked 
| 126|0x00000000e7e00000, 0x00000000e7e00000, 0x00000000e7f00000|  0%| F|  |TAMS 0x00000000e7e00000, 0x00000000e7e00000| Untracked 
| 127|0x00000000e7f00000, 0x00000000e7f00000, 0x00000000e8000000|  0%| F|  |TAMS 0x00000000e7f00000, 0x00000000e7f00000| Untracked 
| 128|0x00000000e8000000, 0x00000000e8000000, 0x00000000e8100000|  0%| F|  |TAMS 0x00000000e8000000, 0x00000000e8000000| Untracked 
| 129|0x00000000e8100000, 0x00000000e8100000, 0x00000000e8200000|  0%| F|  |TAMS 0x00000000e8100000, 0x00000000e8100000| Untracked 
| 130|0x00000000e8200000, 0x00000000e8200000, 0x00000000e8300000|  0%| F|  |TAMS 0x00000000e8200000, 0x00000000e8200000| Untracked 
| 131|0x00000000e8300000, 0x00000000e8300000, 0x00000000e8400000|  0%| F|  |TAMS 0x00000000e8300000, 0x00000000e8300000| Untracked 
| 132|0x00000000e8400000, 0x00000000e8400000, 0x00000000e8500000|  0%| F|  |TAMS 0x00000000e8400000, 0x00000000e8400000| Untracked 
| 133|0x00000000e8500000, 0x00000000e8500000, 0x00000000e8600000|  0%| F|  |TAMS 0x00000000e8500000, 0x00000000e8500000| Untracked 
| 134|0x00000000e8600000, 0x00000000e8600000, 0x00000000e8700000|  0%| F|  |TAMS 0x00000000e8600000, 0x00000000e8600000| Untracked 
| 135|0x00000000e8700000, 0x00000000e8700000, 0x00000000e8800000|  0%| F|  |TAMS 0x00000000e8700000, 0x00000000e8700000| Untracked 
| 136|0x00000000e8800000, 0x00000000e8800000, 0x00000000e8900000|  0%| F|  |TAMS 0x00000000e8800000, 0x00000000e8800000| Untracked 
| 137|0x00000000e8900000, 0x00000000e8900000, 0x00000000e8a00000|  0%| F|  |TAMS 0x00000000e8900000, 0x00000000e8900000| Untracked 
| 138|0x00000000e8a00000, 0x00000000e8a00000, 0x00000000e8b00000|  0%| F|  |TAMS 0x00000000e8a00000, 0x00000000e8a00000| Untracked 
| 139|0x00000000e8b00000, 0x00000000e8b00000, 0x00000000e8c00000|  0%| F|  |TAMS 0x00000000e8b00000, 0x00000000e8b00000| Untracked 
| 140|0x00000000e8c00000, 0x00000000e8c00000, 0x00000000e8d00000|  0%| F|  |TAMS 0x00000000e8c00000, 0x00000000e8c00000| Untracked 
| 141|0x00000000e8d00000, 0x00000000e8d00000, 0x00000000e8e00000|  0%| F|  |TAMS 0x00000000e8d00000, 0x00000000e8d00000| Untracked 
| 142|0x00000000e8e00000, 0x00000000e8e00000, 0x00000000e8f00000|  0%| F|  |TAMS 0x00000000e8e00000, 0x00000000e8e00000| Untracked 
| 143|0x00000000e8f00000, 0x00000000e8f00000, 0x00000000e9000000|  0%| F|  |TAMS 0x00000000e8f00000, 0x00000000e8f00000| Untracked 
| 144|0x00000000e9000000, 0x00000000e9000000, 0x00000000e9100000|  0%| F|  |TAMS 0x00000000e9000000, 0x00000000e9000000| Untracked 
| 145|0x00000000e9100000, 0x00000000e9100000, 0x00000000e9200000|  0%| F|  |TAMS 0x00000000e9100000, 0x00000000e9100000| Untracked 
| 146|0x00000000e9200000, 0x00000000e9200000, 0x00000000e9300000|  0%| F|  |TAMS 0x00000000e9200000, 0x00000000e9200000| Untracked 
| 147|0x00000000e9300000, 0x00000000e9300000, 0x00000000e9400000|  0%| F|  |TAMS 0x00000000e9300000, 0x00000000e9300000| Untracked 
| 148|0x00000000e9400000, 0x00000000e9400000, 0x00000000e9500000|  0%| F|  |TAMS 0x00000000e9400000, 0x00000000e9400000| Untracked 
| 149|0x00000000e9500000, 0x00000000e9500000, 0x00000000e9600000|  0%| F|  |TAMS 0x00000000e9500000, 0x00000000e9500000| Untracked 
| 150|0x00000000e9600000, 0x00000000e9600000, 0x00000000e9700000|  0%| F|  |TAMS 0x00000000e9600000, 0x00000000e9600000| Untracked 
| 151|0x00000000e9700000, 0x00000000e9700000, 0x00000000e9800000|  0%| F|  |TAMS 0x00000000e9700000, 0x00000000e9700000| Untracked 
| 152|0x00000000e9800000, 0x00000000e9800000, 0x00000000e9900000|  0%| F|  |TAMS 0x00000000e9800000, 0x00000000e9800000| Untracked 
| 153|0x00000000e9900000, 0x00000000e9900000, 0x00000000e9a00000|  0%| F|  |TAMS 0x00000000e9900000, 0x00000000e9900000| Untracked 
| 154|0x00000000e9a00000, 0x00000000e9a00000, 0x00000000e9b00000|  0%| F|  |TAMS 0x00000000e9a00000, 0x00000000e9a00000| Untracked 
| 155|0x00000000e9b00000, 0x00000000e9b00000, 0x00000000e9c00000|  0%| F|  |TAMS 0x00000000e9b00000, 0x00000000e9b00000| Untracked 
| 156|0x00000000e9c00000, 0x00000000e9c00000, 0x00000000e9d00000|  0%| F|  |TAMS 0x00000000e9c00000, 0x00000000e9c00000| Untracked 
| 157|0x00000000e9d00000, 0x00000000e9d00000, 0x00000000e9e00000|  0%| F|  |TAMS 0x00000000e9d00000, 0x00000000e9d00000| Untracked 
| 158|0x00000000e9e00000, 0x00000000e9e00000, 0x00000000e9f00000|  0%| F|  |TAMS 0x00000000e9e00000, 0x00000000e9e00000| Untracked 
| 159|0x00000000e9f00000, 0x00000000e9f00000, 0x00000000ea000000|  0%| F|  |TAMS 0x00000000e9f00000, 0x00000000e9f00000| Untracked 
| 160|0x00000000ea000000, 0x00000000ea000000, 0x00000000ea100000|  0%| F|  |TAMS 0x00000000ea000000, 0x00000000ea000000| Untracked 
| 161|0x00000000ea100000, 0x00000000ea100000, 0x00000000ea200000|  0%| F|  |TAMS 0x00000000ea100000, 0x00000000ea100000| Untracked 
| 162|0x00000000ea200000, 0x00000000ea200000, 0x00000000ea300000|  0%| F|  |TAMS 0x00000000ea200000, 0x00000000ea200000| Untracked 
| 163|0x00000000ea300000, 0x00000000ea300000, 0x00000000ea400000|  0%| F|  |TAMS 0x00000000ea300000, 0x00000000ea300000| Untracked 
| 164|0x00000000ea400000, 0x00000000ea400000, 0x00000000ea500000|  0%| F|  |TAMS 0x00000000ea400000, 0x00000000ea400000| Untracked 
| 165|0x00000000ea500000, 0x00000000ea500000, 0x00000000ea600000|  0%| F|  |TAMS 0x00000000ea500000, 0x00000000ea500000| Untracked 
| 166|0x00000000ea600000, 0x00000000ea600000, 0x00000000ea700000|  0%| F|  |TAMS 0x00000000ea600000, 0x00000000ea600000| Untracked 
| 167|0x00000000ea700000, 0x00000000ea700000, 0x00000000ea800000|  0%| F|  |TAMS 0x00000000ea700000, 0x00000000ea700000| Untracked 
| 168|0x00000000ea800000, 0x00000000ea800000, 0x00000000ea900000|  0%| F|  |TAMS 0x00000000ea800000, 0x00000000ea800000| Untracked 
| 169|0x00000000ea900000, 0x00000000ea900000, 0x00000000eaa00000|  0%| F|  |TAMS 0x00000000ea900000, 0x00000000ea900000| Untracked 
| 170|0x00000000eaa00000, 0x00000000eaa00000, 0x00000000eab00000|  0%| F|  |TAMS 0x00000000eaa00000, 0x00000000eaa00000| Untracked 
| 171|0x00000000eab00000, 0x00000000eab00000, 0x00000000eac00000|  0%| F|  |TAMS 0x00000000eab00000, 0x00000000eab00000| Untracked 
| 172|0x00000000eac00000, 0x00000000eac00000, 0x00000000ead00000|  0%| F|  |TAMS 0x00000000eac00000, 0x00000000eac00000| Untracked 
| 173|0x00000000ead00000, 0x00000000ead00000, 0x00000000eae00000|  0%| F|  |TAMS 0x00000000ead00000, 0x00000000ead00000| Untracked 
| 174|0x00000000eae00000, 0x00000000eae00000, 0x00000000eaf00000|  0%| F|  |TAMS 0x00000000eae00000, 0x00000000eae00000| Untracked 
| 175|0x00000000eaf00000, 0x00000000eaf00000, 0x00000000eb000000|  0%| F|  |TAMS 0x00000000eaf00000, 0x00000000eaf00000| Untracked 
| 176|0x00000000eb000000, 0x00000000eb000000, 0x00000000eb100000|  0%| F|  |TAMS 0x00000000eb000000, 0x00000000eb000000| Untracked 
| 177|0x00000000eb100000, 0x00000000eb100000, 0x00000000eb200000|  0%| F|  |TAMS 0x00000000eb100000, 0x00000000eb100000| Untracked 
| 178|0x00000000eb200000, 0x00000000eb200000, 0x00000000eb300000|  0%| F|  |TAMS 0x00000000eb200000, 0x00000000eb200000| Untracked 
| 179|0x00000000eb300000, 0x00000000eb300000, 0x00000000eb400000|  0%| F|  |TAMS 0x00000000eb300000, 0x00000000eb300000| Untracked 
| 180|0x00000000eb400000, 0x00000000eb400000, 0x00000000eb500000|  0%| F|  |TAMS 0x00000000eb400000, 0x00000000eb400000| Untracked 
| 181|0x00000000eb500000, 0x00000000eb500000, 0x00000000eb600000|  0%| F|  |TAMS 0x00000000eb500000, 0x00000000eb500000| Untracked 
| 182|0x00000000eb600000, 0x00000000eb600000, 0x00000000eb700000|  0%| F|  |TAMS 0x00000000eb600000, 0x00000000eb600000| Untracked 
| 183|0x00000000eb700000, 0x00000000eb700000, 0x00000000eb800000|  0%| F|  |TAMS 0x00000000eb700000, 0x00000000eb700000| Untracked 
| 184|0x00000000eb800000, 0x00000000eb800000, 0x00000000eb900000|  0%| F|  |TAMS 0x00000000eb800000, 0x00000000eb800000| Untracked 
| 185|0x00000000eb900000, 0x00000000eb900000, 0x00000000eba00000|  0%| F|  |TAMS 0x00000000eb900000, 0x00000000eb900000| Untracked 
| 186|0x00000000eba00000, 0x00000000eba00000, 0x00000000ebb00000|  0%| F|  |TAMS 0x00000000eba00000, 0x00000000eba00000| Untracked 
| 187|0x00000000ebb00000, 0x00000000ebbcbd80, 0x00000000ebc00000| 79%| S|CS|TAMS 0x00000000ebb00000, 0x00000000ebb00000| Complete 
| 188|0x00000000ebc00000, 0x00000000ebd00000, 0x00000000ebd00000|100%| S|CS|TAMS 0x00000000ebc00000, 0x00000000ebc00000| Complete 
| 189|0x00000000ebd00000, 0x00000000ebe00000, 0x00000000ebe00000|100%| S|CS|TAMS 0x00000000ebd00000, 0x00000000ebd00000| Complete 
| 190|0x00000000ebe00000, 0x00000000ebf00000, 0x00000000ebf00000|100%| S|CS|TAMS 0x00000000ebe00000, 0x00000000ebe00000| Complete 
| 191|0x00000000ebf00000, 0x00000000ec000000, 0x00000000ec000000|100%| S|CS|TAMS 0x00000000ebf00000, 0x00000000ebf00000| Complete 
| 192|0x00000000ec000000, 0x00000000ec100000, 0x00000000ec100000|100%| S|CS|TAMS 0x00000000ec000000, 0x00000000ec000000| Complete 
| 193|0x00000000ec100000, 0x00000000ec200000, 0x00000000ec200000|100%| S|CS|TAMS 0x00000000ec100000, 0x00000000ec100000| Complete 
| 194|0x00000000ec200000, 0x00000000ec300000, 0x00000000ec300000|100%| S|CS|TAMS 0x00000000ec200000, 0x00000000ec200000| Complete 
| 195|0x00000000ec300000, 0x00000000ec400000, 0x00000000ec400000|100%| S|CS|TAMS 0x00000000ec300000, 0x00000000ec300000| Complete 
| 196|0x00000000ec400000, 0x00000000ec500000, 0x00000000ec500000|100%| S|CS|TAMS 0x00000000ec400000, 0x00000000ec400000| Complete 
| 197|0x00000000ec500000, 0x00000000ec600000, 0x00000000ec600000|100%| S|CS|TAMS 0x00000000ec500000, 0x00000000ec500000| Complete 
| 198|0x00000000ec600000, 0x00000000ec700000, 0x00000000ec700000|100%| S|CS|TAMS 0x00000000ec600000, 0x00000000ec600000| Complete 
| 199|0x00000000ec700000, 0x00000000ec800000, 0x00000000ec800000|100%| S|CS|TAMS 0x00000000ec700000, 0x00000000ec700000| Complete 
| 200|0x00000000ec800000, 0x00000000ec900000, 0x00000000ec900000|100%| S|CS|TAMS 0x00000000ec800000, 0x00000000ec800000| Complete 
| 201|0x00000000ec900000, 0x00000000ec900000, 0x00000000eca00000|  0%| F|  |TAMS 0x00000000ec900000, 0x00000000ec900000| Untracked 
| 202|0x00000000eca00000, 0x00000000eca00000, 0x00000000ecb00000|  0%| F|  |TAMS 0x00000000eca00000, 0x00000000eca00000| Untracked 
| 203|0x00000000ecb00000, 0x00000000ecb00000, 0x00000000ecc00000|  0%| F|  |TAMS 0x00000000ecb00000, 0x00000000ecb00000| Untracked 
| 204|0x00000000ecc00000, 0x00000000ecc00000, 0x00000000ecd00000|  0%| F|  |TAMS 0x00000000ecc00000, 0x00000000ecc00000| Untracked 
| 205|0x00000000ecd00000, 0x00000000ecd00000, 0x00000000ece00000|  0%| F|  |TAMS 0x00000000ecd00000, 0x00000000ecd00000| Untracked 
| 206|0x00000000ece00000, 0x00000000ece00000, 0x00000000ecf00000|  0%| F|  |TAMS 0x00000000ece00000, 0x00000000ece00000| Untracked 
| 207|0x00000000ecf00000, 0x00000000ecf00000, 0x00000000ed000000|  0%| F|  |TAMS 0x00000000ecf00000, 0x00000000ecf00000| Untracked 
| 208|0x00000000ed000000, 0x00000000ed000000, 0x00000000ed100000|  0%| F|  |TAMS 0x00000000ed000000, 0x00000000ed000000| Untracked 
| 209|0x00000000ed100000, 0x00000000ed100000, 0x00000000ed200000|  0%| F|  |TAMS 0x00000000ed100000, 0x00000000ed100000| Untracked 
| 210|0x00000000ed200000, 0x00000000ed200000, 0x00000000ed300000|  0%| F|  |TAMS 0x00000000ed200000, 0x00000000ed200000| Untracked 
| 211|0x00000000ed300000, 0x00000000ed300000, 0x00000000ed400000|  0%| F|  |TAMS 0x00000000ed300000, 0x00000000ed300000| Untracked 
| 212|0x00000000ed400000, 0x00000000ed400000, 0x00000000ed500000|  0%| F|  |TAMS 0x00000000ed400000, 0x00000000ed400000| Untracked 
| 213|0x00000000ed500000, 0x00000000ed500000, 0x00000000ed600000|  0%| F|  |TAMS 0x00000000ed500000, 0x00000000ed500000| Untracked 
| 214|0x00000000ed600000, 0x00000000ed600000, 0x00000000ed700000|  0%| F|  |TAMS 0x00000000ed600000, 0x00000000ed600000| Untracked 
| 215|0x00000000ed700000, 0x00000000ed700000, 0x00000000ed800000|  0%| F|  |TAMS 0x00000000ed700000, 0x00000000ed700000| Untracked 
| 216|0x00000000ed800000, 0x00000000ed800000, 0x00000000ed900000|  0%| F|  |TAMS 0x00000000ed800000, 0x00000000ed800000| Untracked 
| 217|0x00000000ed900000, 0x00000000ed900000, 0x00000000eda00000|  0%| F|  |TAMS 0x00000000ed900000, 0x00000000ed900000| Untracked 
| 218|0x00000000eda00000, 0x00000000eda00000, 0x00000000edb00000|  0%| F|  |TAMS 0x00000000eda00000, 0x00000000eda00000| Untracked 
| 219|0x00000000edb00000, 0x00000000edb00000, 0x00000000edc00000|  0%| F|  |TAMS 0x00000000edb00000, 0x00000000edb00000| Untracked 
| 220|0x00000000edc00000, 0x00000000edc00000, 0x00000000edd00000|  0%| F|  |TAMS 0x00000000edc00000, 0x00000000edc00000| Untracked 
| 221|0x00000000edd00000, 0x00000000edd00000, 0x00000000ede00000|  0%| F|  |TAMS 0x00000000edd00000, 0x00000000edd00000| Untracked 
| 222|0x00000000ede00000, 0x00000000ede00000, 0x00000000edf00000|  0%| F|  |TAMS 0x00000000ede00000, 0x00000000ede00000| Untracked 
| 223|0x00000000edf00000, 0x00000000edfe2308, 0x00000000ee000000| 88%| E|  |TAMS 0x00000000edf00000, 0x00000000edf00000| Complete 
| 224|0x00000000ee000000, 0x00000000ee100000, 0x00000000ee100000|100%| E|CS|TAMS 0x00000000ee000000, 0x00000000ee000000| Complete 
| 225|0x00000000ee100000, 0x00000000ee200000, 0x00000000ee200000|100%| E|CS|TAMS 0x00000000ee100000, 0x00000000ee100000| Complete 
| 226|0x00000000ee200000, 0x00000000ee300000, 0x00000000ee300000|100%| E|CS|TAMS 0x00000000ee200000, 0x00000000ee200000| Complete 
| 227|0x00000000ee300000, 0x00000000ee400000, 0x00000000ee400000|100%| E|CS|TAMS 0x00000000ee300000, 0x00000000ee300000| Complete 
| 228|0x00000000ee400000, 0x00000000ee500000, 0x00000000ee500000|100%| E|CS|TAMS 0x00000000ee400000, 0x00000000ee400000| Complete 
| 229|0x00000000ee500000, 0x00000000ee600000, 0x00000000ee600000|100%| E|CS|TAMS 0x00000000ee500000, 0x00000000ee500000| Complete 
| 230|0x00000000ee600000, 0x00000000ee700000, 0x00000000ee700000|100%| E|CS|TAMS 0x00000000ee600000, 0x00000000ee600000| Complete 
| 231|0x00000000ee700000, 0x00000000ee800000, 0x00000000ee800000|100%| E|CS|TAMS 0x00000000ee700000, 0x00000000ee700000| Complete 
| 232|0x00000000ee800000, 0x00000000ee900000, 0x00000000ee900000|100%| E|CS|TAMS 0x00000000ee800000, 0x00000000ee800000| Complete 
| 233|0x00000000ee900000, 0x00000000eea00000, 0x00000000eea00000|100%| E|CS|TAMS 0x00000000ee900000, 0x00000000ee900000| Complete 
| 234|0x00000000eea00000, 0x00000000eeb00000, 0x00000000eeb00000|100%| E|CS|TAMS 0x00000000eea00000, 0x00000000eea00000| Complete 
| 235|0x00000000eeb00000, 0x00000000eec00000, 0x00000000eec00000|100%| E|CS|TAMS 0x00000000eeb00000, 0x00000000eeb00000| Complete 
| 236|0x00000000eec00000, 0x00000000eed00000, 0x00000000eed00000|100%| E|CS|TAMS 0x00000000eec00000, 0x00000000eec00000| Complete 
| 237|0x00000000eed00000, 0x00000000eee00000, 0x00000000eee00000|100%| E|CS|TAMS 0x00000000eed00000, 0x00000000eed00000| Complete 
| 238|0x00000000eee00000, 0x00000000eef00000, 0x00000000eef00000|100%| E|CS|TAMS 0x00000000eee00000, 0x00000000eee00000| Complete 
| 239|0x00000000eef00000, 0x00000000ef000000, 0x00000000ef000000|100%| E|CS|TAMS 0x00000000eef00000, 0x00000000eef00000| Complete 
| 240|0x00000000ef000000, 0x00000000ef100000, 0x00000000ef100000|100%| E|CS|TAMS 0x00000000ef000000, 0x00000000ef000000| Complete 
| 241|0x00000000ef100000, 0x00000000ef200000, 0x00000000ef200000|100%| E|CS|TAMS 0x00000000ef100000, 0x00000000ef100000| Complete 
| 242|0x00000000ef200000, 0x00000000ef300000, 0x00000000ef300000|100%| E|CS|TAMS 0x00000000ef200000, 0x00000000ef200000| Complete 
| 243|0x00000000ef300000, 0x00000000ef400000, 0x00000000ef400000|100%| E|CS|TAMS 0x00000000ef300000, 0x00000000ef300000| Complete 
| 244|0x00000000ef400000, 0x00000000ef500000, 0x00000000ef500000|100%| E|CS|TAMS 0x00000000ef400000, 0x00000000ef400000| Complete 
| 245|0x00000000ef500000, 0x00000000ef600000, 0x00000000ef600000|100%| E|CS|TAMS 0x00000000ef500000, 0x00000000ef500000| Complete 
| 246|0x00000000ef600000, 0x00000000ef700000, 0x00000000ef700000|100%| E|CS|TAMS 0x00000000ef600000, 0x00000000ef600000| Complete 
| 247|0x00000000ef700000, 0x00000000ef800000, 0x00000000ef800000|100%| E|CS|TAMS 0x00000000ef700000, 0x00000000ef700000| Complete 
| 248|0x00000000ef800000, 0x00000000ef900000, 0x00000000ef900000|100%| E|CS|TAMS 0x00000000ef800000, 0x00000000ef800000| Complete 
| 249|0x00000000ef900000, 0x00000000efa00000, 0x00000000efa00000|100%| E|CS|TAMS 0x00000000ef900000, 0x00000000ef900000| Complete 
| 250|0x00000000efa00000, 0x00000000efb00000, 0x00000000efb00000|100%| E|CS|TAMS 0x00000000efa00000, 0x00000000efa00000| Complete 
| 251|0x00000000efb00000, 0x00000000efc00000, 0x00000000efc00000|100%| E|CS|TAMS 0x00000000efb00000, 0x00000000efb00000| Complete 
| 252|0x00000000efc00000, 0x00000000efd00000, 0x00000000efd00000|100%| E|CS|TAMS 0x00000000efc00000, 0x00000000efc00000| Complete 
| 253|0x00000000efd00000, 0x00000000efe00000, 0x00000000efe00000|100%| E|CS|TAMS 0x00000000efd00000, 0x00000000efd00000| Complete 
| 254|0x00000000efe00000, 0x00000000eff00000, 0x00000000eff00000|100%| E|CS|TAMS 0x00000000efe00000, 0x00000000efe00000| Complete 
| 255|0x00000000eff00000, 0x00000000f0000000, 0x00000000f0000000|100%| E|CS|TAMS 0x00000000eff00000, 0x00000000eff00000| Complete 

Card table byte_map: [0x00000201736a0000,0x00000201737a0000] _byte_map_base: 0x0000020172fa0000

Marking Bits (Prev, Next): (CMBitMap*) 0x000002016a3e4370, (CMBitMap*) 0x000002016a3e4338
 Prev Bits: [0x00000201740a0000, 0x00000201748a0000)
 Next Bits: [0x00000201738a0000, 0x00000201740a0000)

Polling page: 0x000002016a480000

Metaspace:

Usage:
  Non-class:     52.06 MB capacity,    50.80 MB ( 98%) used,     1.06 MB (  2%) free+waste,   207.19 KB ( <1%) overhead. 
      Class:      8.50 MB capacity,     7.69 MB ( 90%) used,   729.98 KB (  8%) free+waste,   101.19 KB (  1%) overhead. 
       Both:     60.57 MB capacity,    58.49 MB ( 97%) used,     1.77 MB (  3%) free+waste,   308.38 KB ( <1%) overhead. 

Virtual space:
  Non-class space:       54.00 MB reserved,      52.20 MB ( 97%) committed 
      Class space:      248.00 MB reserved,       8.57 MB (  3%) committed 
             Both:      302.00 MB reserved,      60.78 MB ( 20%) committed 

Chunk freelists:
   Non-Class:  15.00 KB
       Class:  29.00 KB
        Both:  44.00 KB

MaxMetaspaceSize: 256.00 MB
CompressedClassSpaceSize: 248.00 MB
Initial GC threshold: 20.80 MB
Current GC threshold: 99.11 MB
CDS: off

CodeHeap 'non-profiled nmethods': size=120000Kb used=2981Kb max_used=2981Kb free=117018Kb
 bounds [0x0000020107ad0000, 0x0000020107dc0000, 0x000002010f000000]
CodeHeap 'profiled nmethods': size=120000Kb used=13609Kb max_used=13609Kb free=106390Kb
 bounds [0x00000201005a0000, 0x00000201012f0000, 0x0000020107ad0000]
CodeHeap 'non-nmethods': size=5760Kb used=2316Kb max_used=2363Kb free=3443Kb
 bounds [0x0000020100000000, 0x0000020100270000, 0x00000201005a0000]
 total_blobs=7443 nmethods=6619 adapters=736
 compilation: enabled
              stopped_count=0, restarted_count=0
 full_count=0

Compilation events (20 events):
Event: 74.793 Thread 0x0000020177bb1800 6747       1       java.beans.Introspector::getTargetDefaultEventIndex (5 bytes)
Event: 74.793 Thread 0x0000020177bb1800 nmethod 6747 0x0000020107db6d90 code [0x0000020107db6f40, 0x0000020107db6ff8]
Event: 74.793 Thread 0x0000020177bb1800 6748       1       java.beans.Introspector::getTargetDefaultPropertyIndex (5 bytes)
Event: 74.793 Thread 0x0000020177bb1800 nmethod 6748 0x0000020107db7090 code [0x0000020107db7240, 0x0000020107db72f8]
Event: 74.797 Thread 0x0000020177bae800 nmethod 6738 0x0000020107db7390 code [0x0000020107db75e0, 0x0000020107db8470]
Event: 74.797 Thread 0x0000020177bae800 6746       4       java.util.TreeMap::put (247 bytes)
Event: 74.816 Thread 0x0000020177bb1800 6754       1       java.beans.GenericBeanInfo::getMethodDescriptors (5 bytes)
Event: 74.816 Thread 0x0000020177bb1800 nmethod 6754 0x0000020107db8c90 code [0x0000020107db8e40, 0x0000020107db8ef8]
Event: 74.822 Thread 0x0000020177bb1800 6755       1       java.beans.GenericBeanInfo::getDefaultEventIndex (5 bytes)
Event: 74.822 Thread 0x0000020177bb1800 nmethod 6755 0x0000020107db8f90 code [0x0000020107db9140, 0x0000020107db91f8]
Event: 74.822 Thread 0x0000020177bb1800 6756       1       java.beans.GenericBeanInfo::getDefaultPropertyIndex (5 bytes)
Event: 74.825 Thread 0x0000020177bb1800 nmethod 6756 0x0000020107db9290 code [0x0000020107db9440, 0x0000020107db94f8]
Event: 74.849 Thread 0x0000020177bb1800 6757       3       java.lang.StringUTF16::checkIndex (9 bytes)
Event: 74.849 Thread 0x0000020177bb1800 nmethod 6757 0x00000201012d8910 code [0x00000201012d8ae0, 0x00000201012d8c48]
Event: 74.849 Thread 0x0000020177bb1800 6758       3       java.lang.StringUTF16::charAt (11 bytes)
Event: 74.849 Thread 0x0000020177bb1800 nmethod 6758 0x00000201012d8d90 code [0x00000201012d8f60, 0x00000201012d9148]
Event: 74.855 Thread 0x0000020177bb1800 6759       3       java.lang.AbstractStringBuilder::appendChars (133 bytes)
Event: 74.856 Thread 0x0000020177bb1800 nmethod 6759 0x00000201012d9290 code [0x00000201012d94a0, 0x00000201012d9ad8]
Event: 74.856 Thread 0x0000020177bb1800 6761       3       java.lang.StringUTF16::inflate (42 bytes)
Event: 74.857 Thread 0x0000020177bb1800 nmethod 6761 0x00000201012d9d90 code [0x00000201012d9f60, 0x00000201012da268]

GC Heap History (14 events):
Event: 2.758 GC heap before
{Heap before GC invocations=0 (full 0):
 garbage-first heap   total 262144K, used 29696K [0x00000000e0000000, 0x0000000100000000)
  region size 1024K, 24 young (24576K), 0 survivors (0K)
 Metaspace       used 10142K, capacity 10400K, committed 10624K, reserved 264192K
  class space    used 1036K, capacity 1105K, committed 1152K, reserved 253952K
}
Event: 2.786 GC heap after
{Heap after GC invocations=1 (full 0):
 garbage-first heap   total 262144K, used 9386K [0x00000000e0000000, 0x0000000100000000)
  region size 1024K, 3 young (3072K), 3 survivors (3072K)
 Metaspace       used 10142K, capacity 10400K, committed 10624K, reserved 264192K
  class space    used 1036K, capacity 1105K, committed 1152K, reserved 253952K
}
Event: 14.024 GC heap before
{Heap before GC invocations=1 (full 0):
 garbage-first heap   total 262144K, used 105642K [0x00000000e0000000, 0x0000000100000000)
  region size 1024K, 97 young (99328K), 3 survivors (3072K)
 Metaspace       used 20795K, capacity 21198K, committed 21296K, reserved 274432K
  class space    used 2520K, capacity 2687K, committed 2688K, reserved 253952K
}
Event: 14.044 GC heap after
{Heap after GC invocations=2 (full 0):
 garbage-first heap   total 262144K, used 16708K [0x00000000e0000000, 0x0000000100000000)
  region size 1024K, 11 young (11264K), 11 survivors (11264K)
 Metaspace       used 20795K, capacity 21198K, committed 21296K, reserved 274432K
  class space    used 2520K, capacity 2687K, committed 2688K, reserved 253952K
}
Event: 15.607 GC heap before
{Heap before GC invocations=3 (full 0):
 garbage-first heap   total 262144K, used 81220K [0x00000000e0000000, 0x0000000100000000)
  region size 1024K, 74 young (75776K), 11 survivors (11264K)
 Metaspace       used 27242K, capacity 27874K, committed 28160K, reserved 278528K
  class space    used 3533K, capacity 3773K, committed 3840K, reserved 253952K
}
Event: 15.616 GC heap after
{Heap after GC invocations=4 (full 0):
 garbage-first heap   total 262144K, used 19018K [0x00000000e0000000, 0x0000000100000000)
  region size 1024K, 3 young (3072K), 3 survivors (3072K)
 Metaspace       used 27242K, capacity 27874K, committed 28160K, reserved 278528K
  class space    used 3533K, capacity 3773K, committed 3840K, reserved 253952K
}
Event: 17.153 GC heap before
{Heap before GC invocations=4 (full 0):
 garbage-first heap   total 262144K, used 70218K [0x00000000e0000000, 0x0000000100000000)
  region size 1024K, 55 young (56320K), 3 survivors (3072K)
 Metaspace       used 35214K, capacity 35974K, committed 36048K, reserved 286720K
  class space    used 4526K, capacity 4836K, committed 4864K, reserved 253952K
}
Event: 17.170 GC heap after
{Heap after GC invocations=5 (full 0):
 garbage-first heap   total 262144K, used 21820K [0x00000000e0000000, 0x0000000100000000)
  region size 1024K, 6 young (6144K), 6 survivors (6144K)
 Metaspace       used 35214K, capacity 35974K, committed 36048K, reserved 286720K
  class space    used 4526K, capacity 4836K, committed 4864K, reserved 253952K
}
Event: 20.054 GC heap before
{Heap before GC invocations=6 (full 0):
 garbage-first heap   total 262144K, used 140604K [0x00000000e0000000, 0x0000000100000000)
  region size 1024K, 119 young (121856K), 6 survivors (6144K)
 Metaspace       used 45495K, capacity 46548K, committed 46876K, reserved 294912K
  class space    used 5759K, capacity 6134K, committed 6220K, reserved 253952K
}
Event: 20.069 GC heap after
{Heap after GC invocations=7 (full 0):
 garbage-first heap   total 262144K, used 29114K [0x00000000e0000000, 0x0000000100000000)
  region size 1024K, 13 young (13312K), 13 survivors (13312K)
 Metaspace       used 45495K, capacity 46548K, committed 46876K, reserved 294912K
  class space    used 5759K, capacity 6134K, committed 6220K, reserved 253952K
}
Event: 23.471 GC heap before
{Heap before GC invocations=7 (full 0):
 garbage-first heap   total 262144K, used 172474K [0x00000000e0000000, 0x0000000100000000)
  region size 1024K, 153 young (156672K), 13 survivors (13312K)
 Metaspace       used 55469K, capacity 57256K, committed 57372K, reserved 305152K
  class space    used 7247K, capacity 7905K, committed 8012K, reserved 253952K
}
Event: 23.494 GC heap after
{Heap after GC invocations=8 (full 0):
 garbage-first heap   total 262144K, used 38185K [0x00000000e0000000, 0x0000000100000000)
  region size 1024K, 20 young (20480K), 20 survivors (20480K)
 Metaspace       used 55469K, capacity 57256K, committed 57372K, reserved 305152K
  class space    used 7247K, capacity 7905K, committed 8012K, reserved 253952K
}
Event: 26.059 GC heap before
{Heap before GC invocations=8 (full 0):
 garbage-first heap   total 262144K, used 93481K [0x00000000e0000000, 0x0000000100000000)
  region size 1024K, 75 young (76800K), 20 survivors (20480K)
 Metaspace       used 58562K, capacity 60521K, committed 60636K, reserved 307200K
  class space    used 7666K, capacity 8418K, committed 8524K, reserved 253952K
}
Event: 26.102 GC heap after
{Heap after GC invocations=9 (full 0):
 garbage-first heap   total 262144K, used 42006K [0x00000000e0000000, 0x0000000100000000)
  region size 1024K, 14 young (14336K), 14 survivors (14336K)
 Metaspace       used 58562K, capacity 60521K, committed 60636K, reserved 307200K
  class space    used 7666K, capacity 8418K, committed 8524K, reserved 253952K
}

Deoptimization events (20 events):
Event: 26.595 Thread 0x000002017c6ef000 DEOPT PACKING pc=0x0000020107b79040 sp=0x0000000b805feb70
Event: 26.595 Thread 0x000002017c6ef000 DEOPT UNPACKING pc=0x000002010004a1af sp=0x0000000b805feb50 mode 2
Event: 30.982 Thread 0x000002017c6ee000 DEOPT PACKING pc=0x0000020100fe1b52 sp=0x0000000b802f2100
Event: 30.982 Thread 0x000002017c6ee000 DEOPT UNPACKING pc=0x000002010004a95e sp=0x0000000b802f1618 mode 0
Event: 74.564 Thread 0x000002017c6f6000 Uncommon trap: trap_request=0xffffff4d fr.pc=0x0000020107bd7e88 relative=0x0000000000000268
Event: 74.564 Thread 0x000002017c6f6000 Uncommon trap: reason=unstable_if action=reinterpret pc=0x0000020107bd7e88 method=java.lang.AbstractStringBuilder.appendChars([CII)V @ 43 c2
Event: 74.564 Thread 0x000002017c6f6000 DEOPT PACKING pc=0x0000020107bd7e88 sp=0x0000000b80cfe4b0
Event: 74.565 Thread 0x000002017c6f6000 DEOPT UNPACKING pc=0x000002010004a1af sp=0x0000000b80cfe428 mode 2
Event: 74.591 Thread 0x000002017c6f6000 Uncommon trap: trap_request=0xffffff4d fr.pc=0x0000020107adb554 relative=0x0000000000000034
Event: 74.591 Thread 0x000002017c6f6000 Uncommon trap: reason=unstable_if action=reinterpret pc=0x0000020107adb554 method=java.lang.StringLatin1.canEncode(I)Z @ 4 c2
Event: 74.591 Thread 0x000002017c6f6000 DEOPT PACKING pc=0x0000020107adb554 sp=0x0000000b80cfe420
Event: 74.591 Thread 0x000002017c6f6000 DEOPT UNPACKING pc=0x000002010004a1af sp=0x0000000b80cfe3b0 mode 2
Event: 74.847 Thread 0x000002017c6ee000 Uncommon trap: trap_request=0xffffff4d fr.pc=0x0000020107c80d7c relative=0x000000000000069c
Event: 74.847 Thread 0x000002017c6ee000 Uncommon trap: reason=unstable_if action=reinterpret pc=0x0000020107c80d7c method=java.lang.AbstractStringBuilder.appendChars(Ljava/lang/CharSequence;II)V @ 43 c2
Event: 74.847 Thread 0x000002017c6ee000 DEOPT PACKING pc=0x0000020107c80d7c sp=0x0000000b802f7f20
Event: 74.848 Thread 0x000002017c6ee000 DEOPT UNPACKING pc=0x000002010004a1af sp=0x0000000b802f7e50 mode 2
Event: 74.851 Thread 0x000002017c6ee000 Uncommon trap: trap_request=0xffffff4d fr.pc=0x0000020107b0174c relative=0x000000000000022c
Event: 74.851 Thread 0x000002017c6ee000 Uncommon trap: reason=unstable_if action=reinterpret pc=0x0000020107b0174c method=java.lang.AbstractStringBuilder.isLatin1()Z @ 10 c2
Event: 74.851 Thread 0x000002017c6ee000 DEOPT PACKING pc=0x0000020107b0174c sp=0x0000000b802f7ea0
Event: 74.853 Thread 0x000002017c6ee000 DEOPT UNPACKING pc=0x000002010004a1af sp=0x0000000b802f7de0 mode 2

Classes redefined (0 events):
No events

Internal exceptions (20 events):
Event: 30.967 Thread 0x000002017c6ee000 Exception <a 'java/lang/ClassNotFoundException'{0x00000000ee8066f8}: [BCustomizer> (0x00000000ee8066f8) thrown at [./src/hotspot/share/prims/jni.cpp, line 637]
Event: 30.977 Thread 0x000002017c6ee000 Exception <a 'java/lang/ClassNotFoundException'{0x00000000ee7fd108}: org/codehaus/groovy/runtime/EncodingGroovyMethods$1BeanInfo> (0x00000000ee7fd108) thrown at [./src/hotspot/share/classfile/systemDictionary.cpp, line 230]
Event: 30.984 Thread 0x000002017c6ee000 Exception <a 'java/lang/ClassNotFoundException'{0x00000000ee5d85e8}: org/codehaus/groovy/runtime/EncodingGroovyMethods$1Customizer> (0x00000000ee5d85e8) thrown at [./src/hotspot/share/classfile/systemDictionary.cpp, line 230]
Event: 31.000 Thread 0x000002017c6ee000 Exception <a 'java/lang/ClassNotFoundException'{0x00000000ee46d890}: groovy/xml/MarkupBuilderHelperBeanInfo> (0x00000000ee46d890) thrown at [./src/hotspot/share/classfile/systemDictionary.cpp, line 230]
Event: 31.002 Thread 0x000002017c6ee000 Exception <a 'java/lang/ClassNotFoundException'{0x00000000ee4c1cf8}: groovy/xml/MarkupBuilderHelperCustomizer> (0x00000000ee4c1cf8) thrown at [./src/hotspot/share/classfile/systemDictionary.cpp, line 230]
Event: 33.956 Thread 0x000002017c6ee000 Exception <a 'java/lang/ClassNotFoundException'{0x00000000ee3134e8}: org/gradle/internal/id/CompositeIdGenerator$CompositeIdBeanInfo> (0x00000000ee3134e8) thrown at [./src/hotspot/share/classfile/systemDictionary.cpp, line 230]
Event: 33.957 Thread 0x000002017c6ee000 Exception <a 'java/lang/ClassNotFoundException'{0x00000000ee3287b0}: org/gradle/internal/id/CompositeIdGenerator$CompositeIdCustomizer> (0x00000000ee3287b0) thrown at [./src/hotspot/share/classfile/systemDictionary.cpp, line 230]
Event: 74.436 Thread 0x000002017c6f6000 Exception <a 'java/lang/NoSuchMethodError'{0x00000000ee9292f0}: 'void java.lang.invoke.DirectMethodHandle$Holder.invokeSpecial(java.lang.Object, java.lang.Object, java.lang.Object, int)'> (0x00000000ee9292f0) thrown at [./src/hotspot/share/interpreter/linkResolver.cpp, line 773]
Event: 74.696 Thread 0x000002017c6ee000 Exception <a 'java/lang/ClassNotFoundException'{0x00000000ee13cfa8}: org/gradle/api/internal/tasks/testing/results/DefaultTestResultBeanInfo> (0x00000000ee13cfa8) thrown at [./src/hotspot/share/classfile/systemDictionary.cpp, line 230]
Event: 74.701 Thread 0x000002017c6ee000 Exception <a 'java/lang/ClassNotFoundException'{0x00000000ee160fe8}: org/gradle/api/internal/tasks/testing/results/DefaultTestResultCustomizer> (0x00000000ee160fe8) thrown at [./src/hotspot/share/classfile/systemDictionary.cpp, line 230]
Event: 74.758 Thread 0x000002017c6ee000 Exception <a 'java/lang/ClassNotFoundException'{0x00000000ee19b2a0}: org/gradle/internal/serialize/PlaceholderAssertionErrorBeanInfo> (0x00000000ee19b2a0) thrown at [./src/hotspot/share/classfile/systemDictionary.cpp, line 230]
Event: 74.761 Thread 0x000002017c6ee000 Exception <a 'java/lang/ClassNotFoundException'{0x00000000ee1a44a8}: java/lang/AssertionErrorBeanInfo> (0x00000000ee1a44a8) thrown at [./src/hotspot/share/classfile/systemDictionary.cpp, line 230]
Event: 74.765 Thread 0x000002017c6ee000 Exception <a 'java/lang/ClassNotFoundException'{0x00000000ee1ac9e0}: java/lang/ErrorBeanInfo> (0x00000000ee1ac9e0) thrown at [./src/hotspot/share/classfile/systemDictionary.cpp, line 230]
Event: 74.767 Thread 0x000002017c6ee000 Exception <a 'java/lang/ClassNotFoundException'{0x00000000ee1b5a18}: java/lang/ThrowableBeanInfo> (0x00000000ee1b5a18) thrown at [./src/hotspot/share/classfile/systemDictionary.cpp, line 230]
Event: 74.769 Thread 0x000002017c6ee000 Exception <a 'java/lang/ClassNotFoundException'{0x00000000ee1beb00}: java/lang/ThrowableCustomizer> (0x00000000ee1beb00) thrown at [./src/hotspot/share/classfile/systemDictionary.cpp, line 230]
Event: 74.774 Thread 0x000002017c6ee000 Exception <a 'java/lang/ClassNotFoundException'{0x00000000ee1cf5b8}: java/lang/ErrorCustomizer> (0x00000000ee1cf5b8) thrown at [./src/hotspot/share/classfile/systemDictionary.cpp, line 230]
Event: 74.776 Thread 0x000002017c6ee000 Exception <a 'java/lang/ClassNotFoundException'{0x00000000ee1daff0}: java/lang/AssertionErrorCustomizer> (0x00000000ee1daff0) thrown at [./src/hotspot/share/classfile/systemDictionary.cpp, line 230]
Event: 74.780 Thread 0x000002017c6ee000 Exception <a 'java/lang/ClassNotFoundException'{0x00000000ee1f3fa8}: org/gradle/internal/serialize/PlaceholderAssertionErrorCustomizer> (0x00000000ee1f3fa8) thrown at [./src/hotspot/share/classfile/systemDictionary.cpp, line 230]
Event: 74.813 Thread 0x000002017c6ee000 Exception <a 'java/lang/ClassNotFoundException'{0x00000000ee024fa8}: java/io/PrintWriterBeanInfo> (0x00000000ee024fa8) thrown at [./src/hotspot/share/classfile/systemDictionary.cpp, line 230]
Event: 74.816 Thread 0x000002017c6ee000 Exception <a 'java/lang/ClassNotFoundException'{0x00000000ee02dd10}: java/io/PrintWriterCustomizer> (0x00000000ee02dd10) thrown at [./src/hotspot/share/classfile/systemDictionary.cpp, line 230]

Events (20 events):
Event: 74.812 loading class java/io/PrintWriterBeanInfo
Event: 74.812 loading class java/io/PrintWriterBeanInfo done
Event: 74.813 loading class java/io/PrintWriterBeanInfo
Event: 74.813 loading class java/io/PrintWriterBeanInfo done
Event: 74.815 loading class java/io/PrintWriterCustomizer
Event: 74.815 loading class java/io/PrintWriterCustomizer done
Event: 74.816 loading class java/io/PrintWriterCustomizer
Event: 74.816 loading class java/io/PrintWriterCustomizer done
Event: 74.822 Executing VM operation: RevokeBias
Event: 74.824 Executing VM operation: RevokeBias done
Event: 74.824 Executing VM operation: RevokeBias
Event: 74.824 Executing VM operation: RevokeBias done
Event: 74.840 loading class groovy/lang/GroovyRuntimeException
Event: 74.840 loading class groovy/lang/GroovyRuntimeException done
Event: 74.843 loading class java/lang/Throwable$WrappedPrintWriter
Event: 74.845 loading class java/lang/Throwable$WrappedPrintWriter done
Event: 74.847 Executing VM operation: RevokeBias
Event: 74.847 Executing VM operation: RevokeBias done
Event: 74.874 loading class groovy/runtime/metaclass/org/gradle/api/tasks/testing/TestResult$ResultTypeMetaClass
Event: 74.874 loading class groovy/runtime/metaclass/org/gradle/api/tasks/testing/TestResult$ResultTypeMetaClass done


Dynamic libraries:
0x00007ff62bde0000 - 0x00007ff62bded000 	C:\Program Files\Eclipse Adoptium\jdk-11.0.14.101-hotspot\bin\java.exe
0x00007fff94c70000 - 0x00007fff94e68000 	C:\Windows\SYSTEM32\ntdll.dll
0x00007fff94210000 - 0x00007fff942cd000 	C:\Windows\System32\KERNEL32.DLL
0x00007fff925d0000 - 0x00007fff928a2000 	C:\Windows\System32\KERNELBASE.dll
0x00007fff924d0000 - 0x00007fff925d0000 	C:\Windows\System32\ucrtbase.dll
0x00007fff8bd90000 - 0x00007fff8bda7000 	C:\Program Files\Eclipse Adoptium\jdk-11.0.14.101-hotspot\bin\jli.dll
0x00007fff92d80000 - 0x00007fff92f1d000 	C:\Windows\System32\USER32.dll
0x00007fff92a40000 - 0x00007fff92a62000 	C:\Windows\System32\win32u.dll
0x00007fff94c00000 - 0x00007fff94c2b000 	C:\Windows\System32\GDI32.dll
0x00007fff92bc0000 - 0x00007fff92ccf000 	C:\Windows\System32\gdi32full.dll
0x00007fff92430000 - 0x00007fff924cd000 	C:\Windows\System32\msvcp_win.dll
0x00007fff8bd70000 - 0x00007fff8bd85000 	C:\Program Files\Eclipse Adoptium\jdk-11.0.14.101-hotspot\bin\VCRUNTIME140.dll
0x00007fff80d10000 - 0x00007fff80faa000 	C:\Windows\WinSxS\amd64_microsoft.windows.common-controls_6595b64144ccf1df_6.0.19041.1110_none_60b5254171f9507e\COMCTL32.dll
0x00007fff93980000 - 0x00007fff93a1e000 	C:\Windows\System32\msvcrt.dll
0x00007fff93a20000 - 0x00007fff93a50000 	C:\Windows\System32\IMM32.DLL
0x0000000053fc0000 - 0x0000000053fcc000 	C:\Program Files (x86)\360\Total Security\safemon\SafeWrapper.dll
0x00007fff93f20000 - 0x00007fff93fce000 	C:\Windows\System32\ADVAPI32.dll
0x00007fff94110000 - 0x00007fff941ac000 	C:\Windows\System32\sechost.dll
0x00007fff93bc0000 - 0x00007fff93ce5000 	C:\Windows\System32\RPCRT4.dll
0x00007fff8adb0000 - 0x00007fff8ae42000 	C:\Program Files (x86)\360\Total Security\safemon\libzdtp64.dll
0x00007fff94400000 - 0x00007fff94b43000 	C:\Windows\System32\SHELL32.dll
0x00007fff936f0000 - 0x00007fff93745000 	C:\Windows\System32\SHLWAPI.dll
0x00007fff91e30000 - 0x00007fff91e3a000 	C:\Windows\SYSTEM32\VERSION.dll
0x00007fff8bcd0000 - 0x00007fff8bd6b000 	C:\Program Files\Eclipse Adoptium\jdk-11.0.14.101-hotspot\bin\msvcp140.dll
0x00007fff3d580000 - 0x00007fff3e101000 	C:\Program Files\Eclipse Adoptium\jdk-11.0.14.101-hotspot\bin\server\jvm.dll
0x00007fff93a50000 - 0x00007fff93a58000 	C:\Windows\System32\PSAPI.DLL
0x00007fff8c720000 - 0x00007fff8c729000 	C:\Windows\SYSTEM32\WSOCK32.dll
0x00007fff93cf0000 - 0x00007fff93d5b000 	C:\Windows\System32\WS2_32.dll
0x00007fff87cc0000 - 0x00007fff87ce7000 	C:\Windows\SYSTEM32\WINMM.dll
0x00007fff90190000 - 0x00007fff901a2000 	C:\Windows\SYSTEM32\kernel.appcore.dll
0x00007fff8bcc0000 - 0x00007fff8bcd0000 	C:\Program Files\Eclipse Adoptium\jdk-11.0.14.101-hotspot\bin\verify.dll
0x00007fff84eb0000 - 0x00007fff85094000 	C:\Windows\SYSTEM32\DBGHELP.DLL
0x00007fff7e320000 - 0x00007fff7e34c000 	C:\Windows\SYSTEM32\dbgcore.DLL
0x00007fff92ae0000 - 0x00007fff92b62000 	C:\Windows\System32\bcryptPrimitives.dll
0x00007fff8aa20000 - 0x00007fff8aa48000 	C:\Program Files\Eclipse Adoptium\jdk-11.0.14.101-hotspot\bin\java.dll
0x00007fff8ada0000 - 0x00007fff8adaa000 	C:\Program Files\Eclipse Adoptium\jdk-11.0.14.101-hotspot\bin\jimage.dll
0x00007fff8aa00000 - 0x00007fff8aa18000 	C:\Program Files\Eclipse Adoptium\jdk-11.0.14.101-hotspot\bin\zip.dll
0x00007fff90390000 - 0x00007fff90b21000 	C:\Windows\SYSTEM32\windows.storage.dll
0x00007fff93390000 - 0x00007fff936e4000 	C:\Windows\System32\combase.dll
0x00007fff91c90000 - 0x00007fff91cc0000 	C:\Windows\SYSTEM32\Wldp.dll
0x00007fff94b50000 - 0x00007fff94bfd000 	C:\Windows\System32\SHCORE.dll
0x00007fff922c0000 - 0x00007fff922df000 	C:\Windows\SYSTEM32\profapi.dll
0x00007fff8a9e0000 - 0x00007fff8a9f9000 	C:\Program Files\Eclipse Adoptium\jdk-11.0.14.101-hotspot\bin\net.dll
0x00007fff8aa70000 - 0x00007fff8ab7d000 	C:\Windows\SYSTEM32\WINHTTP.dll
0x00007fff919a0000 - 0x00007fff91a0a000 	C:\Windows\system32\mswsock.dll
0x00007fff8a9c0000 - 0x00007fff8a9d3000 	C:\Program Files\Eclipse Adoptium\jdk-11.0.14.101-hotspot\bin\nio.dll
0x00007fff75c50000 - 0x00007fff75c77000 	C:\Users\User\.gradle\native\e1d6ef7f7dcc3fd88c89a11ec53ec762bb8ba0a96d01ffa2cd45eb1d1d8dd5c5\windows-amd64\native-platform.dll
0x00007fff62f00000 - 0x00007fff63044000 	C:\Users\User\.gradle\native\0d407fdbe67a94daf76414ababcb853783967236a71b16ec16e742cd7a986fd3\windows-amd64\native-platform-file-events.dll
0x00007fff8ddb0000 - 0x00007fff8ddb9000 	C:\Program Files\Eclipse Adoptium\jdk-11.0.14.101-hotspot\bin\management.dll
0x00007fff8dd80000 - 0x00007fff8dd8b000 	C:\Program Files\Eclipse Adoptium\jdk-11.0.14.101-hotspot\bin\management_ext.dll
0x00007fff91b50000 - 0x00007fff91b68000 	C:\Windows\SYSTEM32\CRYPTSP.dll
0x00007fff912d0000 - 0x00007fff91304000 	C:\Windows\system32\rsaenh.dll
0x00007fff928b0000 - 0x00007fff928d7000 	C:\Windows\System32\bcrypt.dll
0x00007fff92240000 - 0x00007fff9226e000 	C:\Windows\SYSTEM32\USERENV.dll
0x00007fff91b70000 - 0x00007fff91b7c000 	C:\Windows\SYSTEM32\CRYPTBASE.dll
0x00007fff916a0000 - 0x00007fff916db000 	C:\Windows\SYSTEM32\IPHLPAPI.DLL
0x00007fff93f10000 - 0x00007fff93f18000 	C:\Windows\System32\NSI.dll
0x00007fff89870000 - 0x00007fff89887000 	C:\Windows\SYSTEM32\dhcpcsvc6.DLL
0x00007fff89850000 - 0x00007fff8986d000 	C:\Windows\SYSTEM32\dhcpcsvc.DLL
0x00007fff916e0000 - 0x00007fff917aa000 	C:\Windows\SYSTEM32\DNSAPI.dll

dbghelp: loaded successfully - version: 4.0.5 - missing functions: none
symbol engine: initialized successfully - sym options: 0x614 - pdb path: .;C:\Program Files\Eclipse Adoptium\jdk-11.0.14.101-hotspot\bin;C:\Windows\SYSTEM32;C:\Windows\WinSxS\amd64_microsoft.windows.common-controls_6595b64144ccf1df_6.0.19041.1110_none_60b5254171f9507e;C:\Program Files (x86)\360\Total Security\safemon;C:\Program Files\Eclipse Adoptium\jdk-11.0.14.101-hotspot\bin\server;C:\Users\User\.gradle\native\e1d6ef7f7dcc3fd88c89a11ec53ec762bb8ba0a96d01ffa2cd45eb1d1d8dd5c5\windows-amd64;C:\Users\User\.gradle\native\0d407fdbe67a94daf76414ababcb853783967236a71b16ec16e742cd7a986fd3\windows-amd64

VM Arguments:
jvm_args: --add-opens=java.base/java.util=ALL-UNNAMED --add-opens=java.base/java.lang=ALL-UNNAMED --add-opens=java.base/java.lang.invoke=ALL-UNNAMED --add-opens=java.base/java.util=ALL-UNNAMED --add-opens=java.prefs/java.util.prefs=ALL-UNNAMED --add-opens=java.prefs/java.util.prefs=ALL-UNNAMED --add-opens=java.base/java.nio.charset=ALL-UNNAMED --add-opens=java.base/java.net=ALL-UNNAMED --add-opens=java.base/java.util.concurrent.atomic=ALL-UNNAMED -XX:MaxMetaspaceSize=256m -XX:+HeapDumpOnOutOfMemoryError -Xms256m -Xmx512m -Dfile.encoding=windows-1251 -Duser.country=RU -Duser.language=ru -Duser.variant 
java_command: org.gradle.launcher.daemon.bootstrap.GradleDaemon 7.4
java_class_path (initial): C:\Users\User\.gradle\wrapper\dists\gradle-7.4-bin\c0gwcg53nkjbqw7r0h0umtfvt\gradle-7.4\lib\gradle-launcher-7.4.jar
Launcher Type: SUN_STANDARD

[Global flags]
     intx CICompilerCount                          = 4                                         {product} {ergonomic}
   size_t CompressedClassSpaceSize                 = 260046848                                 {product} {ergonomic}
     uint ConcGCThreads                            = 2                                         {product} {ergonomic}
     uint G1ConcRefinementThreads                  = 8                                         {product} {ergonomic}
   size_t G1HeapRegionSize                         = 1048576                                   {product} {ergonomic}
    uintx GCDrainStackTargetSize                   = 64                                        {product} {ergonomic}
     bool HeapDumpOnOutOfMemoryError               = true                                   {manageable} {command line}
   size_t InitialHeapSize                          = 268435456                                 {product} {command line}
   size_t MarkStackSize                            = 4194304                                   {product} {ergonomic}
   size_t MaxHeapSize                              = 536870912                                 {product} {command line}
   size_t MaxMetaspaceSize                         = 268435456                                 {product} {command line}
   size_t MaxNewSize                               = 321912832                                 {product} {ergonomic}
   size_t MinHeapDeltaBytes                        = 1048576                                   {product} {ergonomic}
    uintx NonNMethodCodeHeapSize                   = 5836300                                {pd product} {ergonomic}
    uintx NonProfiledCodeHeapSize                  = 122910970                              {pd product} {ergonomic}
    uintx ProfiledCodeHeapSize                     = 122910970                              {pd product} {ergonomic}
    uintx ReservedCodeCacheSize                    = 251658240                              {pd product} {ergonomic}
     bool SegmentedCodeCache                       = true                                      {product} {ergonomic}
     bool UseCompressedClassPointers               = true                                 {lp64_product} {ergonomic}
     bool UseCompressedOops                        = true                                 {lp64_product} {ergonomic}
     bool UseG1GC                                  = true                                      {product} {ergonomic}
     bool UseLargePagesIndividualAllocation        = false                                  {pd product} {ergonomic}

Logging:
Log output configuration:
 #0: stdout all=warning uptime,level,tags
 #1: stderr all=off uptime,level,tags

Environment Variables:
PATH=C:\Program Files\Eclipse Adoptium\jdk-11.0.14.101-hotspot\bin;C:\Windows\system32;C:\Windows;C:\Windows\System32\Wbem;C:\Windows\System32\WindowsPowerShell\v1.0\;C:\Windows\System32\OpenSSH\;C:\Program Files\Git\cmd;C:\Program Files\Docker\Docker\resources\bin;C:\ProgramData\DockerDesktop\version-bin;C:\Users\User\AppData\Local\Microsoft\WindowsApps;
USERNAME=User
OS=Windows_NT
PROCESSOR_IDENTIFIER=AMD64 Family 23 Model 24 Stepping 1, AuthenticAMD



---------------  S Y S T E M  ---------------

OS: Windows 10 , 64 bit Build 19041 (10.0.19041.1889)
OS uptime: 18 days 18:39 hours
Hyper-V role detected

CPU:total 8 (initial active 8) (8 cores per cpu, 2 threads per core) family 23 model 24 stepping 1 microcode 0x0, cmov, cx8, fxsr, mmx, sse, sse2, sse3, ssse3, sse4.1, sse4.2, popcnt, avx, avx2, aes, clmul, mmxext, 3dnowpref, lzcnt, sse4a, ht, tsc, tscinvbit, tscinv, bmi1, bmi2, adx, sha, fma

Memory: 4k page, system-wide physical 6091M (55M free)
TotalPageFile size 24523M (AvailPageFile size 8M)
current process WorkingSet (physical memory assigned to process): 79M, peak: 358M
current process commit charge ("private bytes"): 471M, peak: 491M

vm_info: OpenJDK 64-Bit Server VM (11.0.14.1+1) for windows-amd64 JRE (11.0.14.1+1), built on Feb  9 2022 01:48:27 by "" with unknown MS VC++:1916

END.
